[2025-04-11T08:24:06.766+0000] {processor.py:161} INFO - Started process (PID=171) to work on /opt/airflow/dags/query_email_dag.py
[2025-04-11T08:24:06.771+0000] {processor.py:830} INFO - Processing file /opt/airflow/dags/query_email_dag.py for tasks to queue
[2025-04-11T08:24:06.787+0000] {logging_mixin.py:188} INFO - [2025-04-11T08:24:06.777+0000] {dagbag.py:538} INFO - Filling up the DagBag from /opt/airflow/dags/query_email_dag.py
[2025-04-11T08:24:06.853+0000] {logging_mixin.py:188} INFO - [2025-04-11T08:24:06.841+0000] {dagbag.py:348} ERROR - Failed to import: /opt/airflow/dags/query_email_dag.py
Traceback (most recent call last):
  File "/home/airflow/.local/lib/python3.8/site-packages/airflow/models/dagbag.py", line 344, in parse
    loader.exec_module(new_module)
  File "<frozen importlib._bootstrap_external>", line 843, in exec_module
  File "<frozen importlib._bootstrap>", line 219, in _call_with_frames_removed
  File "/opt/airflow/dags/query_email_dag.py", line 4, in <module>
    from airflow.providers.postgres.hooks.postgres import postgreshook
ImportError: cannot import name 'postgreshook' from 'airflow.providers.postgres.hooks.postgres' (/home/airflow/.local/lib/python3.8/site-packages/airflow/providers/postgres/hooks/postgres.py)
[2025-04-11T08:24:06.854+0000] {processor.py:842} WARNING - No viable dags retrieved from /opt/airflow/dags/query_email_dag.py
[2025-04-11T08:24:07.068+0000] {processor.py:183} INFO - Processing /opt/airflow/dags/query_email_dag.py took 0.357 seconds
[2025-04-11T08:24:37.425+0000] {processor.py:161} INFO - Started process (PID=176) to work on /opt/airflow/dags/query_email_dag.py
[2025-04-11T08:24:37.429+0000] {processor.py:830} INFO - Processing file /opt/airflow/dags/query_email_dag.py for tasks to queue
[2025-04-11T08:24:37.430+0000] {logging_mixin.py:188} INFO - [2025-04-11T08:24:37.429+0000] {dagbag.py:538} INFO - Filling up the DagBag from /opt/airflow/dags/query_email_dag.py
[2025-04-11T08:24:37.460+0000] {logging_mixin.py:188} INFO - [2025-04-11T08:24:37.454+0000] {dagbag.py:348} ERROR - Failed to import: /opt/airflow/dags/query_email_dag.py
Traceback (most recent call last):
  File "/home/airflow/.local/lib/python3.8/site-packages/airflow/models/dagbag.py", line 344, in parse
    loader.exec_module(new_module)
  File "<frozen importlib._bootstrap_external>", line 843, in exec_module
  File "<frozen importlib._bootstrap>", line 219, in _call_with_frames_removed
  File "/opt/airflow/dags/query_email_dag.py", line 4, in <module>
    from airflow.providers.postgres.hooks.postgres import postgreshook
ImportError: cannot import name 'postgreshook' from 'airflow.providers.postgres.hooks.postgres' (/home/airflow/.local/lib/python3.8/site-packages/airflow/providers/postgres/hooks/postgres.py)
[2025-04-11T08:24:37.461+0000] {processor.py:842} WARNING - No viable dags retrieved from /opt/airflow/dags/query_email_dag.py
[2025-04-11T08:24:37.514+0000] {processor.py:183} INFO - Processing /opt/airflow/dags/query_email_dag.py took 0.095 seconds
[2025-04-11T08:25:07.595+0000] {processor.py:161} INFO - Started process (PID=181) to work on /opt/airflow/dags/query_email_dag.py
[2025-04-11T08:25:07.597+0000] {processor.py:830} INFO - Processing file /opt/airflow/dags/query_email_dag.py for tasks to queue
[2025-04-11T08:25:07.598+0000] {logging_mixin.py:188} INFO - [2025-04-11T08:25:07.597+0000] {dagbag.py:538} INFO - Filling up the DagBag from /opt/airflow/dags/query_email_dag.py
[2025-04-11T08:25:07.617+0000] {logging_mixin.py:188} INFO - [2025-04-11T08:25:07.611+0000] {dagbag.py:348} ERROR - Failed to import: /opt/airflow/dags/query_email_dag.py
Traceback (most recent call last):
  File "/home/airflow/.local/lib/python3.8/site-packages/airflow/models/dagbag.py", line 344, in parse
    loader.exec_module(new_module)
  File "<frozen importlib._bootstrap_external>", line 843, in exec_module
  File "<frozen importlib._bootstrap>", line 219, in _call_with_frames_removed
  File "/opt/airflow/dags/query_email_dag.py", line 4, in <module>
    from airflow.providers.postgres.hooks.postgres import postgreshook
ImportError: cannot import name 'postgreshook' from 'airflow.providers.postgres.hooks.postgres' (/home/airflow/.local/lib/python3.8/site-packages/airflow/providers/postgres/hooks/postgres.py)
[2025-04-11T08:25:07.618+0000] {processor.py:842} WARNING - No viable dags retrieved from /opt/airflow/dags/query_email_dag.py
[2025-04-11T08:25:07.643+0000] {processor.py:183} INFO - Processing /opt/airflow/dags/query_email_dag.py took 0.051 seconds
[2025-04-11T08:25:37.821+0000] {processor.py:161} INFO - Started process (PID=186) to work on /opt/airflow/dags/query_email_dag.py
[2025-04-11T08:25:37.825+0000] {processor.py:830} INFO - Processing file /opt/airflow/dags/query_email_dag.py for tasks to queue
[2025-04-11T08:25:37.828+0000] {logging_mixin.py:188} INFO - [2025-04-11T08:25:37.827+0000] {dagbag.py:538} INFO - Filling up the DagBag from /opt/airflow/dags/query_email_dag.py
[2025-04-11T08:25:37.862+0000] {logging_mixin.py:188} INFO - [2025-04-11T08:25:37.856+0000] {dagbag.py:348} ERROR - Failed to import: /opt/airflow/dags/query_email_dag.py
Traceback (most recent call last):
  File "/home/airflow/.local/lib/python3.8/site-packages/airflow/models/dagbag.py", line 344, in parse
    loader.exec_module(new_module)
  File "<frozen importlib._bootstrap_external>", line 843, in exec_module
  File "<frozen importlib._bootstrap>", line 219, in _call_with_frames_removed
  File "/opt/airflow/dags/query_email_dag.py", line 4, in <module>
    from airflow.providers.postgres.hooks.postgres import postgreshook
ImportError: cannot import name 'postgreshook' from 'airflow.providers.postgres.hooks.postgres' (/home/airflow/.local/lib/python3.8/site-packages/airflow/providers/postgres/hooks/postgres.py)
[2025-04-11T08:25:37.865+0000] {processor.py:842} WARNING - No viable dags retrieved from /opt/airflow/dags/query_email_dag.py
[2025-04-11T08:25:37.914+0000] {processor.py:183} INFO - Processing /opt/airflow/dags/query_email_dag.py took 0.101 seconds
[2025-04-11T08:26:07.990+0000] {processor.py:161} INFO - Started process (PID=191) to work on /opt/airflow/dags/query_email_dag.py
[2025-04-11T08:26:07.992+0000] {processor.py:830} INFO - Processing file /opt/airflow/dags/query_email_dag.py for tasks to queue
[2025-04-11T08:26:07.993+0000] {logging_mixin.py:188} INFO - [2025-04-11T08:26:07.993+0000] {dagbag.py:538} INFO - Filling up the DagBag from /opt/airflow/dags/query_email_dag.py
[2025-04-11T08:26:08.010+0000] {logging_mixin.py:188} INFO - [2025-04-11T08:26:08.006+0000] {dagbag.py:348} ERROR - Failed to import: /opt/airflow/dags/query_email_dag.py
Traceback (most recent call last):
  File "/home/airflow/.local/lib/python3.8/site-packages/airflow/models/dagbag.py", line 344, in parse
    loader.exec_module(new_module)
  File "<frozen importlib._bootstrap_external>", line 843, in exec_module
  File "<frozen importlib._bootstrap>", line 219, in _call_with_frames_removed
  File "/opt/airflow/dags/query_email_dag.py", line 4, in <module>
    from airflow.providers.postgres.hooks.postgres import postgreshook
ImportError: cannot import name 'postgreshook' from 'airflow.providers.postgres.hooks.postgres' (/home/airflow/.local/lib/python3.8/site-packages/airflow/providers/postgres/hooks/postgres.py)
[2025-04-11T08:26:08.011+0000] {processor.py:842} WARNING - No viable dags retrieved from /opt/airflow/dags/query_email_dag.py
[2025-04-11T08:26:08.038+0000] {processor.py:183} INFO - Processing /opt/airflow/dags/query_email_dag.py took 0.054 seconds
[2025-04-11T08:26:38.203+0000] {processor.py:161} INFO - Started process (PID=196) to work on /opt/airflow/dags/query_email_dag.py
[2025-04-11T08:26:38.205+0000] {processor.py:830} INFO - Processing file /opt/airflow/dags/query_email_dag.py for tasks to queue
[2025-04-11T08:26:38.207+0000] {logging_mixin.py:188} INFO - [2025-04-11T08:26:38.206+0000] {dagbag.py:538} INFO - Filling up the DagBag from /opt/airflow/dags/query_email_dag.py
[2025-04-11T08:26:38.226+0000] {logging_mixin.py:188} INFO - [2025-04-11T08:26:38.221+0000] {dagbag.py:348} ERROR - Failed to import: /opt/airflow/dags/query_email_dag.py
Traceback (most recent call last):
  File "/home/airflow/.local/lib/python3.8/site-packages/airflow/models/dagbag.py", line 344, in parse
    loader.exec_module(new_module)
  File "<frozen importlib._bootstrap_external>", line 843, in exec_module
  File "<frozen importlib._bootstrap>", line 219, in _call_with_frames_removed
  File "/opt/airflow/dags/query_email_dag.py", line 4, in <module>
    from airflow.providers.postgres.hooks.postgres import postgreshook
ImportError: cannot import name 'postgreshook' from 'airflow.providers.postgres.hooks.postgres' (/home/airflow/.local/lib/python3.8/site-packages/airflow/providers/postgres/hooks/postgres.py)
[2025-04-11T08:26:38.227+0000] {processor.py:842} WARNING - No viable dags retrieved from /opt/airflow/dags/query_email_dag.py
[2025-04-11T08:26:38.255+0000] {processor.py:183} INFO - Processing /opt/airflow/dags/query_email_dag.py took 0.055 seconds
[2025-04-11T08:27:08.434+0000] {processor.py:161} INFO - Started process (PID=201) to work on /opt/airflow/dags/query_email_dag.py
[2025-04-11T08:27:08.435+0000] {processor.py:830} INFO - Processing file /opt/airflow/dags/query_email_dag.py for tasks to queue
[2025-04-11T08:27:08.436+0000] {logging_mixin.py:188} INFO - [2025-04-11T08:27:08.436+0000] {dagbag.py:538} INFO - Filling up the DagBag from /opt/airflow/dags/query_email_dag.py
[2025-04-11T08:27:08.453+0000] {logging_mixin.py:188} INFO - [2025-04-11T08:27:08.450+0000] {dagbag.py:348} ERROR - Failed to import: /opt/airflow/dags/query_email_dag.py
Traceback (most recent call last):
  File "/home/airflow/.local/lib/python3.8/site-packages/airflow/models/dagbag.py", line 344, in parse
    loader.exec_module(new_module)
  File "<frozen importlib._bootstrap_external>", line 843, in exec_module
  File "<frozen importlib._bootstrap>", line 219, in _call_with_frames_removed
  File "/opt/airflow/dags/query_email_dag.py", line 4, in <module>
    from airflow.providers.postgres.hooks.postgres import postgreshook
ImportError: cannot import name 'postgreshook' from 'airflow.providers.postgres.hooks.postgres' (/home/airflow/.local/lib/python3.8/site-packages/airflow/providers/postgres/hooks/postgres.py)
[2025-04-11T08:27:08.455+0000] {processor.py:842} WARNING - No viable dags retrieved from /opt/airflow/dags/query_email_dag.py
[2025-04-11T08:27:08.479+0000] {processor.py:183} INFO - Processing /opt/airflow/dags/query_email_dag.py took 0.048 seconds
[2025-04-11T08:27:38.651+0000] {processor.py:161} INFO - Started process (PID=206) to work on /opt/airflow/dags/query_email_dag.py
[2025-04-11T08:27:38.653+0000] {processor.py:830} INFO - Processing file /opt/airflow/dags/query_email_dag.py for tasks to queue
[2025-04-11T08:27:38.655+0000] {logging_mixin.py:188} INFO - [2025-04-11T08:27:38.655+0000] {dagbag.py:538} INFO - Filling up the DagBag from /opt/airflow/dags/query_email_dag.py
[2025-04-11T08:27:38.685+0000] {logging_mixin.py:188} INFO - [2025-04-11T08:27:38.679+0000] {dagbag.py:348} ERROR - Failed to import: /opt/airflow/dags/query_email_dag.py
Traceback (most recent call last):
  File "/home/airflow/.local/lib/python3.8/site-packages/airflow/models/dagbag.py", line 344, in parse
    loader.exec_module(new_module)
  File "<frozen importlib._bootstrap_external>", line 843, in exec_module
  File "<frozen importlib._bootstrap>", line 219, in _call_with_frames_removed
  File "/opt/airflow/dags/query_email_dag.py", line 4, in <module>
    from airflow.providers.postgres.hooks.postgres import postgreshook
ImportError: cannot import name 'postgreshook' from 'airflow.providers.postgres.hooks.postgres' (/home/airflow/.local/lib/python3.8/site-packages/airflow/providers/postgres/hooks/postgres.py)
[2025-04-11T08:27:38.687+0000] {processor.py:842} WARNING - No viable dags retrieved from /opt/airflow/dags/query_email_dag.py
[2025-04-11T08:27:38.713+0000] {processor.py:183} INFO - Processing /opt/airflow/dags/query_email_dag.py took 0.066 seconds
[2025-04-11T08:28:08.839+0000] {processor.py:161} INFO - Started process (PID=211) to work on /opt/airflow/dags/query_email_dag.py
[2025-04-11T08:28:08.841+0000] {processor.py:830} INFO - Processing file /opt/airflow/dags/query_email_dag.py for tasks to queue
[2025-04-11T08:28:08.842+0000] {logging_mixin.py:188} INFO - [2025-04-11T08:28:08.842+0000] {dagbag.py:538} INFO - Filling up the DagBag from /opt/airflow/dags/query_email_dag.py
[2025-04-11T08:28:08.859+0000] {logging_mixin.py:188} INFO - [2025-04-11T08:28:08.855+0000] {dagbag.py:348} ERROR - Failed to import: /opt/airflow/dags/query_email_dag.py
Traceback (most recent call last):
  File "/home/airflow/.local/lib/python3.8/site-packages/airflow/models/dagbag.py", line 344, in parse
    loader.exec_module(new_module)
  File "<frozen importlib._bootstrap_external>", line 843, in exec_module
  File "<frozen importlib._bootstrap>", line 219, in _call_with_frames_removed
  File "/opt/airflow/dags/query_email_dag.py", line 4, in <module>
    from airflow.providers.postgres.hooks.postgres import postgreshook
ImportError: cannot import name 'postgreshook' from 'airflow.providers.postgres.hooks.postgres' (/home/airflow/.local/lib/python3.8/site-packages/airflow/providers/postgres/hooks/postgres.py)
[2025-04-11T08:28:08.861+0000] {processor.py:842} WARNING - No viable dags retrieved from /opt/airflow/dags/query_email_dag.py
[2025-04-11T08:28:08.891+0000] {processor.py:183} INFO - Processing /opt/airflow/dags/query_email_dag.py took 0.055 seconds
[2025-04-11T08:28:39.081+0000] {processor.py:161} INFO - Started process (PID=216) to work on /opt/airflow/dags/query_email_dag.py
[2025-04-11T08:28:39.082+0000] {processor.py:830} INFO - Processing file /opt/airflow/dags/query_email_dag.py for tasks to queue
[2025-04-11T08:28:39.084+0000] {logging_mixin.py:188} INFO - [2025-04-11T08:28:39.083+0000] {dagbag.py:538} INFO - Filling up the DagBag from /opt/airflow/dags/query_email_dag.py
[2025-04-11T08:28:39.102+0000] {logging_mixin.py:188} INFO - [2025-04-11T08:28:39.098+0000] {dagbag.py:348} ERROR - Failed to import: /opt/airflow/dags/query_email_dag.py
Traceback (most recent call last):
  File "/home/airflow/.local/lib/python3.8/site-packages/airflow/models/dagbag.py", line 344, in parse
    loader.exec_module(new_module)
  File "<frozen importlib._bootstrap_external>", line 843, in exec_module
  File "<frozen importlib._bootstrap>", line 219, in _call_with_frames_removed
  File "/opt/airflow/dags/query_email_dag.py", line 4, in <module>
    from airflow.providers.postgres.hooks.postgres import postgreshook
ImportError: cannot import name 'postgreshook' from 'airflow.providers.postgres.hooks.postgres' (/home/airflow/.local/lib/python3.8/site-packages/airflow/providers/postgres/hooks/postgres.py)
[2025-04-11T08:28:39.103+0000] {processor.py:842} WARNING - No viable dags retrieved from /opt/airflow/dags/query_email_dag.py
[2025-04-11T08:28:39.126+0000] {processor.py:183} INFO - Processing /opt/airflow/dags/query_email_dag.py took 0.048 seconds
[2025-04-11T08:29:09.303+0000] {processor.py:161} INFO - Started process (PID=221) to work on /opt/airflow/dags/query_email_dag.py
[2025-04-11T08:29:09.304+0000] {processor.py:830} INFO - Processing file /opt/airflow/dags/query_email_dag.py for tasks to queue
[2025-04-11T08:29:09.305+0000] {logging_mixin.py:188} INFO - [2025-04-11T08:29:09.304+0000] {dagbag.py:538} INFO - Filling up the DagBag from /opt/airflow/dags/query_email_dag.py
[2025-04-11T08:29:09.321+0000] {logging_mixin.py:188} INFO - [2025-04-11T08:29:09.317+0000] {dagbag.py:348} ERROR - Failed to import: /opt/airflow/dags/query_email_dag.py
Traceback (most recent call last):
  File "/home/airflow/.local/lib/python3.8/site-packages/airflow/models/dagbag.py", line 344, in parse
    loader.exec_module(new_module)
  File "<frozen importlib._bootstrap_external>", line 843, in exec_module
  File "<frozen importlib._bootstrap>", line 219, in _call_with_frames_removed
  File "/opt/airflow/dags/query_email_dag.py", line 4, in <module>
    from airflow.providers.postgres.hooks.postgres import postgreshook
ImportError: cannot import name 'postgreshook' from 'airflow.providers.postgres.hooks.postgres' (/home/airflow/.local/lib/python3.8/site-packages/airflow/providers/postgres/hooks/postgres.py)
[2025-04-11T08:29:09.322+0000] {processor.py:842} WARNING - No viable dags retrieved from /opt/airflow/dags/query_email_dag.py
[2025-04-11T08:29:09.342+0000] {processor.py:183} INFO - Processing /opt/airflow/dags/query_email_dag.py took 0.042 seconds
[2025-04-11T08:29:39.512+0000] {processor.py:161} INFO - Started process (PID=226) to work on /opt/airflow/dags/query_email_dag.py
[2025-04-11T08:29:39.514+0000] {processor.py:830} INFO - Processing file /opt/airflow/dags/query_email_dag.py for tasks to queue
[2025-04-11T08:29:39.515+0000] {logging_mixin.py:188} INFO - [2025-04-11T08:29:39.515+0000] {dagbag.py:538} INFO - Filling up the DagBag from /opt/airflow/dags/query_email_dag.py
[2025-04-11T08:29:39.539+0000] {logging_mixin.py:188} INFO - [2025-04-11T08:29:39.533+0000] {dagbag.py:348} ERROR - Failed to import: /opt/airflow/dags/query_email_dag.py
Traceback (most recent call last):
  File "/home/airflow/.local/lib/python3.8/site-packages/airflow/models/dagbag.py", line 344, in parse
    loader.exec_module(new_module)
  File "<frozen importlib._bootstrap_external>", line 843, in exec_module
  File "<frozen importlib._bootstrap>", line 219, in _call_with_frames_removed
  File "/opt/airflow/dags/query_email_dag.py", line 4, in <module>
    from airflow.providers.postgres.hooks.postgres import postgreshook
ImportError: cannot import name 'postgreshook' from 'airflow.providers.postgres.hooks.postgres' (/home/airflow/.local/lib/python3.8/site-packages/airflow/providers/postgres/hooks/postgres.py)
[2025-04-11T08:29:39.541+0000] {processor.py:842} WARNING - No viable dags retrieved from /opt/airflow/dags/query_email_dag.py
[2025-04-11T08:29:39.567+0000] {processor.py:183} INFO - Processing /opt/airflow/dags/query_email_dag.py took 0.059 seconds
[2025-04-11T08:30:10.371+0000] {processor.py:161} INFO - Started process (PID=171) to work on /opt/airflow/dags/query_email_dag.py
[2025-04-11T08:30:10.376+0000] {processor.py:830} INFO - Processing file /opt/airflow/dags/query_email_dag.py for tasks to queue
[2025-04-11T08:30:10.378+0000] {logging_mixin.py:188} INFO - [2025-04-11T08:30:10.377+0000] {dagbag.py:538} INFO - Filling up the DagBag from /opt/airflow/dags/query_email_dag.py
[2025-04-11T08:30:10.398+0000] {logging_mixin.py:188} INFO - [2025-04-11T08:30:10.393+0000] {dagbag.py:348} ERROR - Failed to import: /opt/airflow/dags/query_email_dag.py
Traceback (most recent call last):
  File "/home/airflow/.local/lib/python3.8/site-packages/airflow/models/dagbag.py", line 344, in parse
    loader.exec_module(new_module)
  File "<frozen importlib._bootstrap_external>", line 843, in exec_module
  File "<frozen importlib._bootstrap>", line 219, in _call_with_frames_removed
  File "/opt/airflow/dags/query_email_dag.py", line 4, in <module>
    from airflow.providers.postgres.hooks.postgres import postgreshook
ImportError: cannot import name 'postgreshook' from 'airflow.providers.postgres.hooks.postgres' (/home/airflow/.local/lib/python3.8/site-packages/airflow/providers/postgres/hooks/postgres.py)
[2025-04-11T08:30:10.400+0000] {processor.py:842} WARNING - No viable dags retrieved from /opt/airflow/dags/query_email_dag.py
[2025-04-11T08:30:10.434+0000] {processor.py:183} INFO - Processing /opt/airflow/dags/query_email_dag.py took 0.079 seconds
[2025-04-11T08:30:17.545+0000] {processor.py:161} INFO - Started process (PID=176) to work on /opt/airflow/dags/query_email_dag.py
[2025-04-11T08:30:17.547+0000] {processor.py:830} INFO - Processing file /opt/airflow/dags/query_email_dag.py for tasks to queue
[2025-04-11T08:30:17.548+0000] {logging_mixin.py:188} INFO - [2025-04-11T08:30:17.548+0000] {dagbag.py:538} INFO - Filling up the DagBag from /opt/airflow/dags/query_email_dag.py
[2025-04-11T08:30:17.564+0000] {logging_mixin.py:188} INFO - [2025-04-11T08:30:17.563+0000] {dagbag.py:348} ERROR - Failed to import: /opt/airflow/dags/query_email_dag.py
Traceback (most recent call last):
  File "/home/airflow/.local/lib/python3.8/site-packages/airflow/models/dagbag.py", line 344, in parse
    loader.exec_module(new_module)
  File "<frozen importlib._bootstrap_external>", line 839, in exec_module
  File "<frozen importlib._bootstrap_external>", line 976, in get_code
  File "<frozen importlib._bootstrap_external>", line 906, in source_to_code
  File "<frozen importlib._bootstrap>", line 219, in _call_with_frames_removed
  File "/opt/airflow/dags/query_email_dag.py", line 13
    With DAG(
         ^
SyntaxError: invalid syntax
[2025-04-11T08:30:17.565+0000] {processor.py:842} WARNING - No viable dags retrieved from /opt/airflow/dags/query_email_dag.py
[2025-04-11T08:30:17.597+0000] {processor.py:183} INFO - Processing /opt/airflow/dags/query_email_dag.py took 0.058 seconds
[2025-04-11T08:30:47.736+0000] {processor.py:161} INFO - Started process (PID=181) to work on /opt/airflow/dags/query_email_dag.py
[2025-04-11T08:30:47.738+0000] {processor.py:830} INFO - Processing file /opt/airflow/dags/query_email_dag.py for tasks to queue
[2025-04-11T08:30:47.739+0000] {logging_mixin.py:188} INFO - [2025-04-11T08:30:47.738+0000] {dagbag.py:538} INFO - Filling up the DagBag from /opt/airflow/dags/query_email_dag.py
[2025-04-11T08:30:47.753+0000] {logging_mixin.py:188} INFO - [2025-04-11T08:30:47.752+0000] {dagbag.py:348} ERROR - Failed to import: /opt/airflow/dags/query_email_dag.py
Traceback (most recent call last):
  File "/home/airflow/.local/lib/python3.8/site-packages/airflow/models/dagbag.py", line 344, in parse
    loader.exec_module(new_module)
  File "<frozen importlib._bootstrap_external>", line 839, in exec_module
  File "<frozen importlib._bootstrap_external>", line 976, in get_code
  File "<frozen importlib._bootstrap_external>", line 906, in source_to_code
  File "<frozen importlib._bootstrap>", line 219, in _call_with_frames_removed
  File "/opt/airflow/dags/query_email_dag.py", line 13
    With DAG(
         ^
SyntaxError: invalid syntax
[2025-04-11T08:30:47.754+0000] {processor.py:842} WARNING - No viable dags retrieved from /opt/airflow/dags/query_email_dag.py
[2025-04-11T08:30:47.775+0000] {processor.py:183} INFO - Processing /opt/airflow/dags/query_email_dag.py took 0.043 seconds
[2025-04-11T08:31:17.961+0000] {processor.py:161} INFO - Started process (PID=186) to work on /opt/airflow/dags/query_email_dag.py
[2025-04-11T08:31:17.962+0000] {processor.py:830} INFO - Processing file /opt/airflow/dags/query_email_dag.py for tasks to queue
[2025-04-11T08:31:17.963+0000] {logging_mixin.py:188} INFO - [2025-04-11T08:31:17.963+0000] {dagbag.py:538} INFO - Filling up the DagBag from /opt/airflow/dags/query_email_dag.py
[2025-04-11T08:31:17.977+0000] {logging_mixin.py:188} INFO - [2025-04-11T08:31:17.976+0000] {dagbag.py:348} ERROR - Failed to import: /opt/airflow/dags/query_email_dag.py
Traceback (most recent call last):
  File "/home/airflow/.local/lib/python3.8/site-packages/airflow/models/dagbag.py", line 344, in parse
    loader.exec_module(new_module)
  File "<frozen importlib._bootstrap_external>", line 839, in exec_module
  File "<frozen importlib._bootstrap_external>", line 976, in get_code
  File "<frozen importlib._bootstrap_external>", line 906, in source_to_code
  File "<frozen importlib._bootstrap>", line 219, in _call_with_frames_removed
  File "/opt/airflow/dags/query_email_dag.py", line 13
    With DAG(
         ^
SyntaxError: invalid syntax
[2025-04-11T08:31:17.978+0000] {processor.py:842} WARNING - No viable dags retrieved from /opt/airflow/dags/query_email_dag.py
[2025-04-11T08:31:17.998+0000] {processor.py:183} INFO - Processing /opt/airflow/dags/query_email_dag.py took 0.039 seconds
[2025-04-11T08:31:48.143+0000] {processor.py:161} INFO - Started process (PID=191) to work on /opt/airflow/dags/query_email_dag.py
[2025-04-11T08:31:48.144+0000] {processor.py:830} INFO - Processing file /opt/airflow/dags/query_email_dag.py for tasks to queue
[2025-04-11T08:31:48.146+0000] {logging_mixin.py:188} INFO - [2025-04-11T08:31:48.146+0000] {dagbag.py:538} INFO - Filling up the DagBag from /opt/airflow/dags/query_email_dag.py
[2025-04-11T08:31:48.161+0000] {logging_mixin.py:188} INFO - [2025-04-11T08:31:48.160+0000] {dagbag.py:348} ERROR - Failed to import: /opt/airflow/dags/query_email_dag.py
Traceback (most recent call last):
  File "/home/airflow/.local/lib/python3.8/site-packages/airflow/models/dagbag.py", line 344, in parse
    loader.exec_module(new_module)
  File "<frozen importlib._bootstrap_external>", line 839, in exec_module
  File "<frozen importlib._bootstrap_external>", line 976, in get_code
  File "<frozen importlib._bootstrap_external>", line 906, in source_to_code
  File "<frozen importlib._bootstrap>", line 219, in _call_with_frames_removed
  File "/opt/airflow/dags/query_email_dag.py", line 13
    With DAG(
         ^
SyntaxError: invalid syntax
[2025-04-11T08:31:48.162+0000] {processor.py:842} WARNING - No viable dags retrieved from /opt/airflow/dags/query_email_dag.py
[2025-04-11T08:31:48.183+0000] {processor.py:183} INFO - Processing /opt/airflow/dags/query_email_dag.py took 0.042 seconds
[2025-04-11T08:32:18.316+0000] {processor.py:161} INFO - Started process (PID=196) to work on /opt/airflow/dags/query_email_dag.py
[2025-04-11T08:32:18.317+0000] {processor.py:830} INFO - Processing file /opt/airflow/dags/query_email_dag.py for tasks to queue
[2025-04-11T08:32:18.318+0000] {logging_mixin.py:188} INFO - [2025-04-11T08:32:18.318+0000] {dagbag.py:538} INFO - Filling up the DagBag from /opt/airflow/dags/query_email_dag.py
[2025-04-11T08:32:18.331+0000] {logging_mixin.py:188} INFO - [2025-04-11T08:32:18.331+0000] {dagbag.py:348} ERROR - Failed to import: /opt/airflow/dags/query_email_dag.py
Traceback (most recent call last):
  File "/home/airflow/.local/lib/python3.8/site-packages/airflow/models/dagbag.py", line 344, in parse
    loader.exec_module(new_module)
  File "<frozen importlib._bootstrap_external>", line 839, in exec_module
  File "<frozen importlib._bootstrap_external>", line 976, in get_code
  File "<frozen importlib._bootstrap_external>", line 906, in source_to_code
  File "<frozen importlib._bootstrap>", line 219, in _call_with_frames_removed
  File "/opt/airflow/dags/query_email_dag.py", line 13
    With DAG(
         ^
SyntaxError: invalid syntax
[2025-04-11T08:32:18.332+0000] {processor.py:842} WARNING - No viable dags retrieved from /opt/airflow/dags/query_email_dag.py
[2025-04-11T08:32:18.353+0000] {processor.py:183} INFO - Processing /opt/airflow/dags/query_email_dag.py took 0.040 seconds
[2025-04-11T08:32:48.512+0000] {processor.py:161} INFO - Started process (PID=201) to work on /opt/airflow/dags/query_email_dag.py
[2025-04-11T08:32:48.513+0000] {processor.py:830} INFO - Processing file /opt/airflow/dags/query_email_dag.py for tasks to queue
[2025-04-11T08:32:48.514+0000] {logging_mixin.py:188} INFO - [2025-04-11T08:32:48.514+0000] {dagbag.py:538} INFO - Filling up the DagBag from /opt/airflow/dags/query_email_dag.py
[2025-04-11T08:32:48.530+0000] {logging_mixin.py:188} INFO - [2025-04-11T08:32:48.529+0000] {dagbag.py:348} ERROR - Failed to import: /opt/airflow/dags/query_email_dag.py
Traceback (most recent call last):
  File "/home/airflow/.local/lib/python3.8/site-packages/airflow/models/dagbag.py", line 344, in parse
    loader.exec_module(new_module)
  File "<frozen importlib._bootstrap_external>", line 839, in exec_module
  File "<frozen importlib._bootstrap_external>", line 976, in get_code
  File "<frozen importlib._bootstrap_external>", line 906, in source_to_code
  File "<frozen importlib._bootstrap>", line 219, in _call_with_frames_removed
  File "/opt/airflow/dags/query_email_dag.py", line 13
    With DAG(
         ^
SyntaxError: invalid syntax
[2025-04-11T08:32:48.530+0000] {processor.py:842} WARNING - No viable dags retrieved from /opt/airflow/dags/query_email_dag.py
[2025-04-11T08:32:48.549+0000] {processor.py:183} INFO - Processing /opt/airflow/dags/query_email_dag.py took 0.039 seconds
[2025-04-11T08:33:18.711+0000] {processor.py:161} INFO - Started process (PID=206) to work on /opt/airflow/dags/query_email_dag.py
[2025-04-11T08:33:18.712+0000] {processor.py:830} INFO - Processing file /opt/airflow/dags/query_email_dag.py for tasks to queue
[2025-04-11T08:33:18.714+0000] {logging_mixin.py:188} INFO - [2025-04-11T08:33:18.713+0000] {dagbag.py:538} INFO - Filling up the DagBag from /opt/airflow/dags/query_email_dag.py
[2025-04-11T08:33:18.737+0000] {logging_mixin.py:188} INFO - [2025-04-11T08:33:18.736+0000] {dagbag.py:348} ERROR - Failed to import: /opt/airflow/dags/query_email_dag.py
Traceback (most recent call last):
  File "/home/airflow/.local/lib/python3.8/site-packages/airflow/models/dagbag.py", line 344, in parse
    loader.exec_module(new_module)
  File "<frozen importlib._bootstrap_external>", line 839, in exec_module
  File "<frozen importlib._bootstrap_external>", line 976, in get_code
  File "<frozen importlib._bootstrap_external>", line 906, in source_to_code
  File "<frozen importlib._bootstrap>", line 219, in _call_with_frames_removed
  File "/opt/airflow/dags/query_email_dag.py", line 13
    With DAG(
         ^
SyntaxError: invalid syntax
[2025-04-11T08:33:18.738+0000] {processor.py:842} WARNING - No viable dags retrieved from /opt/airflow/dags/query_email_dag.py
[2025-04-11T08:33:18.764+0000] {processor.py:183} INFO - Processing /opt/airflow/dags/query_email_dag.py took 0.059 seconds
[2025-04-11T08:33:34.836+0000] {processor.py:161} INFO - Started process (PID=211) to work on /opt/airflow/dags/query_email_dag.py
[2025-04-11T08:33:34.837+0000] {processor.py:830} INFO - Processing file /opt/airflow/dags/query_email_dag.py for tasks to queue
[2025-04-11T08:33:34.838+0000] {logging_mixin.py:188} INFO - [2025-04-11T08:33:34.838+0000] {dagbag.py:538} INFO - Filling up the DagBag from /opt/airflow/dags/query_email_dag.py
[2025-04-11T08:33:34.851+0000] {logging_mixin.py:188} INFO - [2025-04-11T08:33:34.851+0000] {dagbag.py:348} ERROR - Failed to import: /opt/airflow/dags/query_email_dag.py
Traceback (most recent call last):
  File "/home/airflow/.local/lib/python3.8/site-packages/airflow/models/dagbag.py", line 344, in parse
    loader.exec_module(new_module)
  File "<frozen importlib._bootstrap_external>", line 839, in exec_module
  File "<frozen importlib._bootstrap_external>", line 976, in get_code
  File "<frozen importlib._bootstrap_external>", line 906, in source_to_code
  File "<frozen importlib._bootstrap>", line 219, in _call_with_frames_removed
  File "/opt/airflow/dags/query_email_dag.py", line 13
    With DAG(
         ^
SyntaxError: invalid syntax
[2025-04-11T08:33:34.852+0000] {processor.py:842} WARNING - No viable dags retrieved from /opt/airflow/dags/query_email_dag.py
[2025-04-11T08:33:34.869+0000] {processor.py:183} INFO - Processing /opt/airflow/dags/query_email_dag.py took 0.036 seconds
[2025-04-11T08:34:04.561+0000] {processor.py:161} INFO - Started process (PID=170) to work on /opt/airflow/dags/query_email_dag.py
[2025-04-11T08:34:04.564+0000] {processor.py:830} INFO - Processing file /opt/airflow/dags/query_email_dag.py for tasks to queue
[2025-04-11T08:34:04.565+0000] {logging_mixin.py:188} INFO - [2025-04-11T08:34:04.565+0000] {dagbag.py:538} INFO - Filling up the DagBag from /opt/airflow/dags/query_email_dag.py
[2025-04-11T08:34:04.582+0000] {logging_mixin.py:188} INFO - [2025-04-11T08:34:04.580+0000] {dagbag.py:348} ERROR - Failed to import: /opt/airflow/dags/query_email_dag.py
Traceback (most recent call last):
  File "/home/airflow/.local/lib/python3.8/site-packages/airflow/models/dagbag.py", line 344, in parse
    loader.exec_module(new_module)
  File "<frozen importlib._bootstrap_external>", line 839, in exec_module
  File "<frozen importlib._bootstrap_external>", line 976, in get_code
  File "<frozen importlib._bootstrap_external>", line 906, in source_to_code
  File "<frozen importlib._bootstrap>", line 219, in _call_with_frames_removed
  File "/opt/airflow/dags/query_email_dag.py", line 13
    With DAG(
         ^
SyntaxError: invalid syntax
[2025-04-11T08:34:04.583+0000] {processor.py:842} WARNING - No viable dags retrieved from /opt/airflow/dags/query_email_dag.py
[2025-04-11T08:34:04.625+0000] {processor.py:183} INFO - Processing /opt/airflow/dags/query_email_dag.py took 0.072 seconds
[2025-04-11T08:34:34.840+0000] {processor.py:161} INFO - Started process (PID=176) to work on /opt/airflow/dags/query_email_dag.py
[2025-04-11T08:34:34.842+0000] {processor.py:830} INFO - Processing file /opt/airflow/dags/query_email_dag.py for tasks to queue
[2025-04-11T08:34:34.844+0000] {logging_mixin.py:188} INFO - [2025-04-11T08:34:34.843+0000] {dagbag.py:538} INFO - Filling up the DagBag from /opt/airflow/dags/query_email_dag.py
[2025-04-11T08:34:34.868+0000] {logging_mixin.py:188} INFO - [2025-04-11T08:34:34.866+0000] {dagbag.py:348} ERROR - Failed to import: /opt/airflow/dags/query_email_dag.py
Traceback (most recent call last):
  File "/home/airflow/.local/lib/python3.8/site-packages/airflow/models/dagbag.py", line 344, in parse
    loader.exec_module(new_module)
  File "<frozen importlib._bootstrap_external>", line 839, in exec_module
  File "<frozen importlib._bootstrap_external>", line 976, in get_code
  File "<frozen importlib._bootstrap_external>", line 906, in source_to_code
  File "<frozen importlib._bootstrap>", line 219, in _call_with_frames_removed
  File "/opt/airflow/dags/query_email_dag.py", line 13
    With DAG(
         ^
SyntaxError: invalid syntax
[2025-04-11T08:34:34.869+0000] {processor.py:842} WARNING - No viable dags retrieved from /opt/airflow/dags/query_email_dag.py
[2025-04-11T08:34:34.926+0000] {processor.py:183} INFO - Processing /opt/airflow/dags/query_email_dag.py took 0.098 seconds
[2025-04-11T08:34:58.026+0000] {processor.py:161} INFO - Started process (PID=181) to work on /opt/airflow/dags/query_email_dag.py
[2025-04-11T08:34:58.027+0000] {processor.py:830} INFO - Processing file /opt/airflow/dags/query_email_dag.py for tasks to queue
[2025-04-11T08:34:58.029+0000] {logging_mixin.py:188} INFO - [2025-04-11T08:34:58.028+0000] {dagbag.py:538} INFO - Filling up the DagBag from /opt/airflow/dags/query_email_dag.py
[2025-04-11T08:34:58.096+0000] {processor.py:840} INFO - DAG(s) 'query_email_every_2hrs' retrieved from /opt/airflow/dags/query_email_dag.py
[2025-04-11T08:34:58.366+0000] {logging_mixin.py:188} INFO - [2025-04-11T08:34:58.366+0000] {override.py:1769} INFO - Created Permission View: can delete on DAG:query_email_every_2hrs
[2025-04-11T08:34:58.376+0000] {logging_mixin.py:188} INFO - [2025-04-11T08:34:58.376+0000] {override.py:1769} INFO - Created Permission View: can read on DAG:query_email_every_2hrs
[2025-04-11T08:34:58.382+0000] {logging_mixin.py:188} INFO - [2025-04-11T08:34:58.381+0000] {override.py:1769} INFO - Created Permission View: can edit on DAG:query_email_every_2hrs
[2025-04-11T08:34:58.382+0000] {logging_mixin.py:188} INFO - [2025-04-11T08:34:58.382+0000] {dag.py:3036} INFO - Sync 1 DAGs
[2025-04-11T08:34:58.393+0000] {logging_mixin.py:188} INFO - [2025-04-11T08:34:58.393+0000] {dag.py:3058} INFO - Creating ORM DAG for query_email_every_2hrs
[2025-04-11T08:34:58.405+0000] {logging_mixin.py:188} INFO - [2025-04-11T08:34:58.405+0000] {dag.py:3823} INFO - Setting next_dagrun for query_email_every_2hrs to 2025-04-11 06:00:00+00:00, run_after=2025-04-11 08:00:00+00:00
[2025-04-11T08:34:58.424+0000] {processor.py:183} INFO - Processing /opt/airflow/dags/query_email_dag.py took 0.401 seconds
[2025-04-11T08:35:24.502+0000] {processor.py:161} INFO - Started process (PID=172) to work on /opt/airflow/dags/query_email_dag.py
[2025-04-11T08:35:24.505+0000] {processor.py:830} INFO - Processing file /opt/airflow/dags/query_email_dag.py for tasks to queue
[2025-04-11T08:35:24.506+0000] {logging_mixin.py:188} INFO - [2025-04-11T08:35:24.506+0000] {dagbag.py:538} INFO - Filling up the DagBag from /opt/airflow/dags/query_email_dag.py
[2025-04-11T08:35:24.553+0000] {processor.py:840} INFO - DAG(s) 'query_email_every_2hrs' retrieved from /opt/airflow/dags/query_email_dag.py
[2025-04-11T08:35:24.594+0000] {logging_mixin.py:188} INFO - [2025-04-11T08:35:24.594+0000] {dag.py:3036} INFO - Sync 1 DAGs
[2025-04-11T08:35:24.638+0000] {logging_mixin.py:188} INFO - [2025-04-11T08:35:24.638+0000] {dag.py:3823} INFO - Setting next_dagrun for query_email_every_2hrs to 2025-04-11 06:00:00+00:00, run_after=2025-04-11 08:00:00+00:00
[2025-04-11T08:35:24.666+0000] {processor.py:183} INFO - Processing /opt/airflow/dags/query_email_dag.py took 0.173 seconds
[2025-04-11T08:35:54.807+0000] {processor.py:161} INFO - Started process (PID=179) to work on /opt/airflow/dags/query_email_dag.py
[2025-04-11T08:35:54.809+0000] {processor.py:830} INFO - Processing file /opt/airflow/dags/query_email_dag.py for tasks to queue
[2025-04-11T08:35:54.810+0000] {logging_mixin.py:188} INFO - [2025-04-11T08:35:54.810+0000] {dagbag.py:538} INFO - Filling up the DagBag from /opt/airflow/dags/query_email_dag.py
[2025-04-11T08:35:54.852+0000] {processor.py:840} INFO - DAG(s) 'query_email_every_2hrs' retrieved from /opt/airflow/dags/query_email_dag.py
[2025-04-11T08:35:55.024+0000] {logging_mixin.py:188} INFO - [2025-04-11T08:35:55.024+0000] {dag.py:3036} INFO - Sync 1 DAGs
[2025-04-11T08:35:55.055+0000] {logging_mixin.py:188} INFO - [2025-04-11T08:35:55.055+0000] {dag.py:3823} INFO - Setting next_dagrun for query_email_every_2hrs to 2025-04-11 08:00:00+00:00, run_after=2025-04-11 10:00:00+00:00
[2025-04-11T08:35:55.082+0000] {processor.py:183} INFO - Processing /opt/airflow/dags/query_email_dag.py took 0.279 seconds
[2025-04-11T08:36:25.262+0000] {processor.py:161} INFO - Started process (PID=184) to work on /opt/airflow/dags/query_email_dag.py
[2025-04-11T08:36:25.263+0000] {processor.py:830} INFO - Processing file /opt/airflow/dags/query_email_dag.py for tasks to queue
[2025-04-11T08:36:25.264+0000] {logging_mixin.py:188} INFO - [2025-04-11T08:36:25.264+0000] {dagbag.py:538} INFO - Filling up the DagBag from /opt/airflow/dags/query_email_dag.py
[2025-04-11T08:36:25.290+0000] {processor.py:840} INFO - DAG(s) 'query_email_every_2hrs' retrieved from /opt/airflow/dags/query_email_dag.py
[2025-04-11T08:36:25.319+0000] {logging_mixin.py:188} INFO - [2025-04-11T08:36:25.319+0000] {dag.py:3036} INFO - Sync 1 DAGs
[2025-04-11T08:36:25.345+0000] {logging_mixin.py:188} INFO - [2025-04-11T08:36:25.345+0000] {dag.py:3823} INFO - Setting next_dagrun for query_email_every_2hrs to 2025-04-11 08:00:00+00:00, run_after=2025-04-11 10:00:00+00:00
[2025-04-11T08:36:25.363+0000] {processor.py:183} INFO - Processing /opt/airflow/dags/query_email_dag.py took 0.105 seconds
[2025-04-11T08:36:55.453+0000] {processor.py:161} INFO - Started process (PID=189) to work on /opt/airflow/dags/query_email_dag.py
[2025-04-11T08:36:55.454+0000] {processor.py:830} INFO - Processing file /opt/airflow/dags/query_email_dag.py for tasks to queue
[2025-04-11T08:36:55.456+0000] {logging_mixin.py:188} INFO - [2025-04-11T08:36:55.455+0000] {dagbag.py:538} INFO - Filling up the DagBag from /opt/airflow/dags/query_email_dag.py
[2025-04-11T08:36:55.493+0000] {processor.py:840} INFO - DAG(s) 'query_email_every_2hrs' retrieved from /opt/airflow/dags/query_email_dag.py
[2025-04-11T08:36:55.523+0000] {logging_mixin.py:188} INFO - [2025-04-11T08:36:55.523+0000] {dag.py:3036} INFO - Sync 1 DAGs
[2025-04-11T08:36:55.556+0000] {logging_mixin.py:188} INFO - [2025-04-11T08:36:55.556+0000] {dag.py:3823} INFO - Setting next_dagrun for query_email_every_2hrs to 2025-04-11 08:00:00+00:00, run_after=2025-04-11 10:00:00+00:00
[2025-04-11T08:36:55.578+0000] {processor.py:183} INFO - Processing /opt/airflow/dags/query_email_dag.py took 0.129 seconds
[2025-04-11T08:37:25.730+0000] {processor.py:161} INFO - Started process (PID=194) to work on /opt/airflow/dags/query_email_dag.py
[2025-04-11T08:37:25.731+0000] {processor.py:830} INFO - Processing file /opt/airflow/dags/query_email_dag.py for tasks to queue
[2025-04-11T08:37:25.732+0000] {logging_mixin.py:188} INFO - [2025-04-11T08:37:25.732+0000] {dagbag.py:538} INFO - Filling up the DagBag from /opt/airflow/dags/query_email_dag.py
[2025-04-11T08:37:25.764+0000] {processor.py:840} INFO - DAG(s) 'query_email_every_2hrs' retrieved from /opt/airflow/dags/query_email_dag.py
[2025-04-11T08:37:25.802+0000] {logging_mixin.py:188} INFO - [2025-04-11T08:37:25.801+0000] {dag.py:3036} INFO - Sync 1 DAGs
[2025-04-11T08:37:25.841+0000] {logging_mixin.py:188} INFO - [2025-04-11T08:37:25.840+0000] {dag.py:3823} INFO - Setting next_dagrun for query_email_every_2hrs to 2025-04-11 08:00:00+00:00, run_after=2025-04-11 10:00:00+00:00
[2025-04-11T08:37:25.870+0000] {processor.py:183} INFO - Processing /opt/airflow/dags/query_email_dag.py took 0.142 seconds
[2025-04-11T08:37:55.924+0000] {processor.py:161} INFO - Started process (PID=201) to work on /opt/airflow/dags/query_email_dag.py
[2025-04-11T08:37:55.925+0000] {processor.py:830} INFO - Processing file /opt/airflow/dags/query_email_dag.py for tasks to queue
[2025-04-11T08:37:55.926+0000] {logging_mixin.py:188} INFO - [2025-04-11T08:37:55.925+0000] {dagbag.py:538} INFO - Filling up the DagBag from /opt/airflow/dags/query_email_dag.py
[2025-04-11T08:37:55.948+0000] {processor.py:840} INFO - DAG(s) 'query_email_every_2hrs' retrieved from /opt/airflow/dags/query_email_dag.py
[2025-04-11T08:37:55.970+0000] {logging_mixin.py:188} INFO - [2025-04-11T08:37:55.970+0000] {dag.py:3036} INFO - Sync 1 DAGs
[2025-04-11T08:37:55.992+0000] {logging_mixin.py:188} INFO - [2025-04-11T08:37:55.992+0000] {dag.py:3823} INFO - Setting next_dagrun for query_email_every_2hrs to 2025-04-11 08:00:00+00:00, run_after=2025-04-11 10:00:00+00:00
[2025-04-11T08:37:56.010+0000] {processor.py:183} INFO - Processing /opt/airflow/dags/query_email_dag.py took 0.089 seconds
[2025-04-11T08:38:26.118+0000] {processor.py:161} INFO - Started process (PID=206) to work on /opt/airflow/dags/query_email_dag.py
[2025-04-11T08:38:26.119+0000] {processor.py:830} INFO - Processing file /opt/airflow/dags/query_email_dag.py for tasks to queue
[2025-04-11T08:38:26.120+0000] {logging_mixin.py:188} INFO - [2025-04-11T08:38:26.120+0000] {dagbag.py:538} INFO - Filling up the DagBag from /opt/airflow/dags/query_email_dag.py
[2025-04-11T08:38:26.143+0000] {processor.py:840} INFO - DAG(s) 'query_email_every_2hrs' retrieved from /opt/airflow/dags/query_email_dag.py
[2025-04-11T08:38:26.169+0000] {logging_mixin.py:188} INFO - [2025-04-11T08:38:26.169+0000] {dag.py:3036} INFO - Sync 1 DAGs
[2025-04-11T08:38:26.195+0000] {logging_mixin.py:188} INFO - [2025-04-11T08:38:26.195+0000] {dag.py:3823} INFO - Setting next_dagrun for query_email_every_2hrs to 2025-04-11 08:00:00+00:00, run_after=2025-04-11 10:00:00+00:00
[2025-04-11T08:38:26.216+0000] {processor.py:183} INFO - Processing /opt/airflow/dags/query_email_dag.py took 0.100 seconds
[2025-04-11T08:38:56.384+0000] {processor.py:161} INFO - Started process (PID=211) to work on /opt/airflow/dags/query_email_dag.py
[2025-04-11T08:38:56.384+0000] {processor.py:830} INFO - Processing file /opt/airflow/dags/query_email_dag.py for tasks to queue
[2025-04-11T08:38:56.385+0000] {logging_mixin.py:188} INFO - [2025-04-11T08:38:56.385+0000] {dagbag.py:538} INFO - Filling up the DagBag from /opt/airflow/dags/query_email_dag.py
[2025-04-11T08:38:56.408+0000] {processor.py:840} INFO - DAG(s) 'query_email_every_2hrs' retrieved from /opt/airflow/dags/query_email_dag.py
[2025-04-11T08:38:56.430+0000] {logging_mixin.py:188} INFO - [2025-04-11T08:38:56.430+0000] {dag.py:3036} INFO - Sync 1 DAGs
[2025-04-11T08:38:56.453+0000] {logging_mixin.py:188} INFO - [2025-04-11T08:38:56.452+0000] {dag.py:3823} INFO - Setting next_dagrun for query_email_every_2hrs to 2025-04-11 08:00:00+00:00, run_after=2025-04-11 10:00:00+00:00
[2025-04-11T08:38:56.470+0000] {processor.py:183} INFO - Processing /opt/airflow/dags/query_email_dag.py took 0.089 seconds
[2025-04-11T08:39:26.587+0000] {processor.py:161} INFO - Started process (PID=216) to work on /opt/airflow/dags/query_email_dag.py
[2025-04-11T08:39:26.588+0000] {processor.py:830} INFO - Processing file /opt/airflow/dags/query_email_dag.py for tasks to queue
[2025-04-11T08:39:26.588+0000] {logging_mixin.py:188} INFO - [2025-04-11T08:39:26.588+0000] {dagbag.py:538} INFO - Filling up the DagBag from /opt/airflow/dags/query_email_dag.py
[2025-04-11T08:39:26.612+0000] {processor.py:840} INFO - DAG(s) 'query_email_every_2hrs' retrieved from /opt/airflow/dags/query_email_dag.py
[2025-04-11T08:39:26.637+0000] {logging_mixin.py:188} INFO - [2025-04-11T08:39:26.637+0000] {dag.py:3036} INFO - Sync 1 DAGs
[2025-04-11T08:39:26.660+0000] {logging_mixin.py:188} INFO - [2025-04-11T08:39:26.660+0000] {dag.py:3823} INFO - Setting next_dagrun for query_email_every_2hrs to 2025-04-11 08:00:00+00:00, run_after=2025-04-11 10:00:00+00:00
[2025-04-11T08:39:26.676+0000] {processor.py:183} INFO - Processing /opt/airflow/dags/query_email_dag.py took 0.092 seconds
[2025-04-11T08:39:56.830+0000] {processor.py:161} INFO - Started process (PID=221) to work on /opt/airflow/dags/query_email_dag.py
[2025-04-11T08:39:56.830+0000] {processor.py:830} INFO - Processing file /opt/airflow/dags/query_email_dag.py for tasks to queue
[2025-04-11T08:39:56.831+0000] {logging_mixin.py:188} INFO - [2025-04-11T08:39:56.831+0000] {dagbag.py:538} INFO - Filling up the DagBag from /opt/airflow/dags/query_email_dag.py
[2025-04-11T08:39:56.855+0000] {processor.py:840} INFO - DAG(s) 'query_email_every_2hrs' retrieved from /opt/airflow/dags/query_email_dag.py
[2025-04-11T08:39:56.879+0000] {logging_mixin.py:188} INFO - [2025-04-11T08:39:56.879+0000] {dag.py:3036} INFO - Sync 1 DAGs
[2025-04-11T08:39:56.904+0000] {logging_mixin.py:188} INFO - [2025-04-11T08:39:56.904+0000] {dag.py:3823} INFO - Setting next_dagrun for query_email_every_2hrs to 2025-04-11 08:00:00+00:00, run_after=2025-04-11 10:00:00+00:00
[2025-04-11T08:39:56.923+0000] {processor.py:183} INFO - Processing /opt/airflow/dags/query_email_dag.py took 0.097 seconds
[2025-04-11T08:40:27.064+0000] {processor.py:161} INFO - Started process (PID=226) to work on /opt/airflow/dags/query_email_dag.py
[2025-04-11T08:40:27.065+0000] {processor.py:830} INFO - Processing file /opt/airflow/dags/query_email_dag.py for tasks to queue
[2025-04-11T08:40:27.067+0000] {logging_mixin.py:188} INFO - [2025-04-11T08:40:27.066+0000] {dagbag.py:538} INFO - Filling up the DagBag from /opt/airflow/dags/query_email_dag.py
[2025-04-11T08:40:27.094+0000] {processor.py:840} INFO - DAG(s) 'query_email_every_2hrs' retrieved from /opt/airflow/dags/query_email_dag.py
[2025-04-11T08:40:27.132+0000] {logging_mixin.py:188} INFO - [2025-04-11T08:40:27.132+0000] {dag.py:3036} INFO - Sync 1 DAGs
[2025-04-11T08:40:27.166+0000] {logging_mixin.py:188} INFO - [2025-04-11T08:40:27.165+0000] {dag.py:3823} INFO - Setting next_dagrun for query_email_every_2hrs to 2025-04-11 08:00:00+00:00, run_after=2025-04-11 10:00:00+00:00
[2025-04-11T08:40:27.196+0000] {processor.py:183} INFO - Processing /opt/airflow/dags/query_email_dag.py took 0.134 seconds
[2025-04-11T08:40:57.286+0000] {processor.py:161} INFO - Started process (PID=231) to work on /opt/airflow/dags/query_email_dag.py
[2025-04-11T08:40:57.287+0000] {processor.py:830} INFO - Processing file /opt/airflow/dags/query_email_dag.py for tasks to queue
[2025-04-11T08:40:57.288+0000] {logging_mixin.py:188} INFO - [2025-04-11T08:40:57.288+0000] {dagbag.py:538} INFO - Filling up the DagBag from /opt/airflow/dags/query_email_dag.py
[2025-04-11T08:40:57.311+0000] {processor.py:840} INFO - DAG(s) 'query_email_every_2hrs' retrieved from /opt/airflow/dags/query_email_dag.py
[2025-04-11T08:40:57.338+0000] {logging_mixin.py:188} INFO - [2025-04-11T08:40:57.338+0000] {dag.py:3036} INFO - Sync 1 DAGs
[2025-04-11T08:40:57.363+0000] {logging_mixin.py:188} INFO - [2025-04-11T08:40:57.363+0000] {dag.py:3823} INFO - Setting next_dagrun for query_email_every_2hrs to 2025-04-11 08:00:00+00:00, run_after=2025-04-11 10:00:00+00:00
[2025-04-11T08:40:57.382+0000] {processor.py:183} INFO - Processing /opt/airflow/dags/query_email_dag.py took 0.098 seconds
[2025-04-11T08:41:27.556+0000] {processor.py:161} INFO - Started process (PID=236) to work on /opt/airflow/dags/query_email_dag.py
[2025-04-11T08:41:27.557+0000] {processor.py:830} INFO - Processing file /opt/airflow/dags/query_email_dag.py for tasks to queue
[2025-04-11T08:41:27.558+0000] {logging_mixin.py:188} INFO - [2025-04-11T08:41:27.558+0000] {dagbag.py:538} INFO - Filling up the DagBag from /opt/airflow/dags/query_email_dag.py
[2025-04-11T08:41:27.583+0000] {processor.py:840} INFO - DAG(s) 'query_email_every_2hrs' retrieved from /opt/airflow/dags/query_email_dag.py
[2025-04-11T08:41:27.608+0000] {logging_mixin.py:188} INFO - [2025-04-11T08:41:27.608+0000] {dag.py:3036} INFO - Sync 1 DAGs
[2025-04-11T08:41:27.631+0000] {logging_mixin.py:188} INFO - [2025-04-11T08:41:27.631+0000] {dag.py:3823} INFO - Setting next_dagrun for query_email_every_2hrs to 2025-04-11 08:00:00+00:00, run_after=2025-04-11 10:00:00+00:00
[2025-04-11T08:41:27.648+0000] {processor.py:183} INFO - Processing /opt/airflow/dags/query_email_dag.py took 0.094 seconds
[2025-04-11T08:41:58.002+0000] {processor.py:161} INFO - Started process (PID=241) to work on /opt/airflow/dags/query_email_dag.py
[2025-04-11T08:41:58.004+0000] {processor.py:830} INFO - Processing file /opt/airflow/dags/query_email_dag.py for tasks to queue
[2025-04-11T08:41:58.005+0000] {logging_mixin.py:188} INFO - [2025-04-11T08:41:58.005+0000] {dagbag.py:538} INFO - Filling up the DagBag from /opt/airflow/dags/query_email_dag.py
[2025-04-11T08:41:58.051+0000] {processor.py:840} INFO - DAG(s) 'query_email_every_2hrs' retrieved from /opt/airflow/dags/query_email_dag.py
[2025-04-11T08:41:58.078+0000] {logging_mixin.py:188} INFO - [2025-04-11T08:41:58.078+0000] {dag.py:3036} INFO - Sync 1 DAGs
[2025-04-11T08:41:58.104+0000] {logging_mixin.py:188} INFO - [2025-04-11T08:41:58.103+0000] {dag.py:3823} INFO - Setting next_dagrun for query_email_every_2hrs to 2025-04-11 08:00:00+00:00, run_after=2025-04-11 10:00:00+00:00
[2025-04-11T08:41:58.124+0000] {processor.py:183} INFO - Processing /opt/airflow/dags/query_email_dag.py took 0.253 seconds
[2025-04-11T08:42:28.241+0000] {processor.py:161} INFO - Started process (PID=246) to work on /opt/airflow/dags/query_email_dag.py
[2025-04-11T08:42:28.243+0000] {processor.py:830} INFO - Processing file /opt/airflow/dags/query_email_dag.py for tasks to queue
[2025-04-11T08:42:28.244+0000] {logging_mixin.py:188} INFO - [2025-04-11T08:42:28.243+0000] {dagbag.py:538} INFO - Filling up the DagBag from /opt/airflow/dags/query_email_dag.py
[2025-04-11T08:42:28.273+0000] {processor.py:840} INFO - DAG(s) 'query_email_every_2hrs' retrieved from /opt/airflow/dags/query_email_dag.py
[2025-04-11T08:42:28.312+0000] {logging_mixin.py:188} INFO - [2025-04-11T08:42:28.312+0000] {dag.py:3036} INFO - Sync 1 DAGs
[2025-04-11T08:42:28.339+0000] {logging_mixin.py:188} INFO - [2025-04-11T08:42:28.338+0000] {dag.py:3823} INFO - Setting next_dagrun for query_email_every_2hrs to 2025-04-11 08:00:00+00:00, run_after=2025-04-11 10:00:00+00:00
[2025-04-11T08:42:28.359+0000] {processor.py:183} INFO - Processing /opt/airflow/dags/query_email_dag.py took 0.132 seconds
[2025-04-11T08:42:58.511+0000] {processor.py:161} INFO - Started process (PID=251) to work on /opt/airflow/dags/query_email_dag.py
[2025-04-11T08:42:58.512+0000] {processor.py:830} INFO - Processing file /opt/airflow/dags/query_email_dag.py for tasks to queue
[2025-04-11T08:42:58.512+0000] {logging_mixin.py:188} INFO - [2025-04-11T08:42:58.512+0000] {dagbag.py:538} INFO - Filling up the DagBag from /opt/airflow/dags/query_email_dag.py
[2025-04-11T08:42:58.535+0000] {processor.py:840} INFO - DAG(s) 'query_email_every_2hrs' retrieved from /opt/airflow/dags/query_email_dag.py
[2025-04-11T08:42:58.560+0000] {logging_mixin.py:188} INFO - [2025-04-11T08:42:58.560+0000] {dag.py:3036} INFO - Sync 1 DAGs
[2025-04-11T08:42:58.583+0000] {logging_mixin.py:188} INFO - [2025-04-11T08:42:58.583+0000] {dag.py:3823} INFO - Setting next_dagrun for query_email_every_2hrs to 2025-04-11 08:00:00+00:00, run_after=2025-04-11 10:00:00+00:00
[2025-04-11T08:42:58.609+0000] {processor.py:183} INFO - Processing /opt/airflow/dags/query_email_dag.py took 0.114 seconds
[2025-04-11T08:43:28.722+0000] {processor.py:161} INFO - Started process (PID=256) to work on /opt/airflow/dags/query_email_dag.py
[2025-04-11T08:43:28.723+0000] {processor.py:830} INFO - Processing file /opt/airflow/dags/query_email_dag.py for tasks to queue
[2025-04-11T08:43:28.724+0000] {logging_mixin.py:188} INFO - [2025-04-11T08:43:28.723+0000] {dagbag.py:538} INFO - Filling up the DagBag from /opt/airflow/dags/query_email_dag.py
[2025-04-11T08:43:28.747+0000] {processor.py:840} INFO - DAG(s) 'query_email_every_2hrs' retrieved from /opt/airflow/dags/query_email_dag.py
[2025-04-11T08:43:28.770+0000] {logging_mixin.py:188} INFO - [2025-04-11T08:43:28.770+0000] {dag.py:3036} INFO - Sync 1 DAGs
[2025-04-11T08:43:28.812+0000] {logging_mixin.py:188} INFO - [2025-04-11T08:43:28.812+0000] {dag.py:3823} INFO - Setting next_dagrun for query_email_every_2hrs to 2025-04-11 08:00:00+00:00, run_after=2025-04-11 10:00:00+00:00
[2025-04-11T08:43:28.839+0000] {processor.py:183} INFO - Processing /opt/airflow/dags/query_email_dag.py took 0.119 seconds
[2025-04-11T08:43:58.985+0000] {processor.py:161} INFO - Started process (PID=261) to work on /opt/airflow/dags/query_email_dag.py
[2025-04-11T08:43:58.986+0000] {processor.py:830} INFO - Processing file /opt/airflow/dags/query_email_dag.py for tasks to queue
[2025-04-11T08:43:58.987+0000] {logging_mixin.py:188} INFO - [2025-04-11T08:43:58.987+0000] {dagbag.py:538} INFO - Filling up the DagBag from /opt/airflow/dags/query_email_dag.py
[2025-04-11T08:43:59.020+0000] {processor.py:840} INFO - DAG(s) 'query_email_every_2hrs' retrieved from /opt/airflow/dags/query_email_dag.py
[2025-04-11T08:43:59.051+0000] {logging_mixin.py:188} INFO - [2025-04-11T08:43:59.050+0000] {dag.py:3036} INFO - Sync 1 DAGs
[2025-04-11T08:43:59.103+0000] {logging_mixin.py:188} INFO - [2025-04-11T08:43:59.103+0000] {dag.py:3823} INFO - Setting next_dagrun for query_email_every_2hrs to 2025-04-11 08:00:00+00:00, run_after=2025-04-11 10:00:00+00:00
[2025-04-11T08:43:59.139+0000] {processor.py:183} INFO - Processing /opt/airflow/dags/query_email_dag.py took 0.158 seconds
[2025-04-11T08:44:29.202+0000] {processor.py:161} INFO - Started process (PID=266) to work on /opt/airflow/dags/query_email_dag.py
[2025-04-11T08:44:29.203+0000] {processor.py:830} INFO - Processing file /opt/airflow/dags/query_email_dag.py for tasks to queue
[2025-04-11T08:44:29.204+0000] {logging_mixin.py:188} INFO - [2025-04-11T08:44:29.203+0000] {dagbag.py:538} INFO - Filling up the DagBag from /opt/airflow/dags/query_email_dag.py
[2025-04-11T08:44:29.230+0000] {processor.py:840} INFO - DAG(s) 'query_email_every_2hrs' retrieved from /opt/airflow/dags/query_email_dag.py
[2025-04-11T08:44:29.268+0000] {logging_mixin.py:188} INFO - [2025-04-11T08:44:29.268+0000] {dag.py:3036} INFO - Sync 1 DAGs
[2025-04-11T08:44:29.315+0000] {logging_mixin.py:188} INFO - [2025-04-11T08:44:29.314+0000] {dag.py:3823} INFO - Setting next_dagrun for query_email_every_2hrs to 2025-04-11 08:00:00+00:00, run_after=2025-04-11 10:00:00+00:00
[2025-04-11T08:44:29.348+0000] {processor.py:183} INFO - Processing /opt/airflow/dags/query_email_dag.py took 0.149 seconds
[2025-04-11T08:44:59.498+0000] {processor.py:161} INFO - Started process (PID=271) to work on /opt/airflow/dags/query_email_dag.py
[2025-04-11T08:44:59.499+0000] {processor.py:830} INFO - Processing file /opt/airflow/dags/query_email_dag.py for tasks to queue
[2025-04-11T08:44:59.500+0000] {logging_mixin.py:188} INFO - [2025-04-11T08:44:59.500+0000] {dagbag.py:538} INFO - Filling up the DagBag from /opt/airflow/dags/query_email_dag.py
[2025-04-11T08:44:59.528+0000] {processor.py:840} INFO - DAG(s) 'query_email_every_2hrs' retrieved from /opt/airflow/dags/query_email_dag.py
[2025-04-11T08:44:59.556+0000] {logging_mixin.py:188} INFO - [2025-04-11T08:44:59.556+0000] {dag.py:3036} INFO - Sync 1 DAGs
[2025-04-11T08:44:59.583+0000] {logging_mixin.py:188} INFO - [2025-04-11T08:44:59.583+0000] {dag.py:3823} INFO - Setting next_dagrun for query_email_every_2hrs to 2025-04-11 08:00:00+00:00, run_after=2025-04-11 10:00:00+00:00
[2025-04-11T08:44:59.605+0000] {processor.py:183} INFO - Processing /opt/airflow/dags/query_email_dag.py took 0.110 seconds
[2025-04-11T08:45:29.735+0000] {processor.py:161} INFO - Started process (PID=276) to work on /opt/airflow/dags/query_email_dag.py
[2025-04-11T08:45:29.736+0000] {processor.py:830} INFO - Processing file /opt/airflow/dags/query_email_dag.py for tasks to queue
[2025-04-11T08:45:29.737+0000] {logging_mixin.py:188} INFO - [2025-04-11T08:45:29.737+0000] {dagbag.py:538} INFO - Filling up the DagBag from /opt/airflow/dags/query_email_dag.py
[2025-04-11T08:45:29.762+0000] {processor.py:840} INFO - DAG(s) 'query_email_every_2hrs' retrieved from /opt/airflow/dags/query_email_dag.py
[2025-04-11T08:45:29.788+0000] {logging_mixin.py:188} INFO - [2025-04-11T08:45:29.788+0000] {dag.py:3036} INFO - Sync 1 DAGs
[2025-04-11T08:45:29.814+0000] {logging_mixin.py:188} INFO - [2025-04-11T08:45:29.814+0000] {dag.py:3823} INFO - Setting next_dagrun for query_email_every_2hrs to 2025-04-11 08:00:00+00:00, run_after=2025-04-11 10:00:00+00:00
[2025-04-11T08:45:29.838+0000] {processor.py:183} INFO - Processing /opt/airflow/dags/query_email_dag.py took 0.106 seconds
[2025-04-11T08:45:59.981+0000] {processor.py:161} INFO - Started process (PID=281) to work on /opt/airflow/dags/query_email_dag.py
[2025-04-11T08:45:59.982+0000] {processor.py:830} INFO - Processing file /opt/airflow/dags/query_email_dag.py for tasks to queue
[2025-04-11T08:45:59.983+0000] {logging_mixin.py:188} INFO - [2025-04-11T08:45:59.983+0000] {dagbag.py:538} INFO - Filling up the DagBag from /opt/airflow/dags/query_email_dag.py
[2025-04-11T08:46:00.013+0000] {processor.py:840} INFO - DAG(s) 'query_email_every_2hrs' retrieved from /opt/airflow/dags/query_email_dag.py
[2025-04-11T08:46:00.041+0000] {logging_mixin.py:188} INFO - [2025-04-11T08:46:00.040+0000] {dag.py:3036} INFO - Sync 1 DAGs
[2025-04-11T08:46:00.065+0000] {logging_mixin.py:188} INFO - [2025-04-11T08:46:00.065+0000] {dag.py:3823} INFO - Setting next_dagrun for query_email_every_2hrs to 2025-04-11 08:00:00+00:00, run_after=2025-04-11 10:00:00+00:00
[2025-04-11T08:46:00.084+0000] {processor.py:183} INFO - Processing /opt/airflow/dags/query_email_dag.py took 0.107 seconds
[2025-04-11T08:46:30.200+0000] {processor.py:161} INFO - Started process (PID=286) to work on /opt/airflow/dags/query_email_dag.py
[2025-04-11T08:46:30.201+0000] {processor.py:830} INFO - Processing file /opt/airflow/dags/query_email_dag.py for tasks to queue
[2025-04-11T08:46:30.202+0000] {logging_mixin.py:188} INFO - [2025-04-11T08:46:30.202+0000] {dagbag.py:538} INFO - Filling up the DagBag from /opt/airflow/dags/query_email_dag.py
[2025-04-11T08:46:30.231+0000] {processor.py:840} INFO - DAG(s) 'query_email_every_2hrs' retrieved from /opt/airflow/dags/query_email_dag.py
[2025-04-11T08:46:30.262+0000] {logging_mixin.py:188} INFO - [2025-04-11T08:46:30.262+0000] {dag.py:3036} INFO - Sync 1 DAGs
[2025-04-11T08:46:30.293+0000] {logging_mixin.py:188} INFO - [2025-04-11T08:46:30.293+0000] {dag.py:3823} INFO - Setting next_dagrun for query_email_every_2hrs to 2025-04-11 08:00:00+00:00, run_after=2025-04-11 10:00:00+00:00
[2025-04-11T08:46:30.316+0000] {processor.py:183} INFO - Processing /opt/airflow/dags/query_email_dag.py took 0.119 seconds
[2025-04-11T08:47:00.447+0000] {processor.py:161} INFO - Started process (PID=291) to work on /opt/airflow/dags/query_email_dag.py
[2025-04-11T08:47:00.448+0000] {processor.py:830} INFO - Processing file /opt/airflow/dags/query_email_dag.py for tasks to queue
[2025-04-11T08:47:00.448+0000] {logging_mixin.py:188} INFO - [2025-04-11T08:47:00.448+0000] {dagbag.py:538} INFO - Filling up the DagBag from /opt/airflow/dags/query_email_dag.py
[2025-04-11T08:47:00.478+0000] {processor.py:840} INFO - DAG(s) 'query_email_every_2hrs' retrieved from /opt/airflow/dags/query_email_dag.py
[2025-04-11T08:47:00.504+0000] {logging_mixin.py:188} INFO - [2025-04-11T08:47:00.504+0000] {dag.py:3036} INFO - Sync 1 DAGs
[2025-04-11T08:47:00.527+0000] {logging_mixin.py:188} INFO - [2025-04-11T08:47:00.527+0000] {dag.py:3823} INFO - Setting next_dagrun for query_email_every_2hrs to 2025-04-11 08:00:00+00:00, run_after=2025-04-11 10:00:00+00:00
[2025-04-11T08:47:00.546+0000] {processor.py:183} INFO - Processing /opt/airflow/dags/query_email_dag.py took 0.102 seconds
[2025-04-11T08:47:30.704+0000] {processor.py:161} INFO - Started process (PID=296) to work on /opt/airflow/dags/query_email_dag.py
[2025-04-11T08:47:30.704+0000] {processor.py:830} INFO - Processing file /opt/airflow/dags/query_email_dag.py for tasks to queue
[2025-04-11T08:47:30.705+0000] {logging_mixin.py:188} INFO - [2025-04-11T08:47:30.705+0000] {dagbag.py:538} INFO - Filling up the DagBag from /opt/airflow/dags/query_email_dag.py
[2025-04-11T08:47:30.728+0000] {processor.py:840} INFO - DAG(s) 'query_email_every_2hrs' retrieved from /opt/airflow/dags/query_email_dag.py
[2025-04-11T08:47:30.753+0000] {logging_mixin.py:188} INFO - [2025-04-11T08:47:30.753+0000] {dag.py:3036} INFO - Sync 1 DAGs
[2025-04-11T08:47:30.776+0000] {logging_mixin.py:188} INFO - [2025-04-11T08:47:30.776+0000] {dag.py:3823} INFO - Setting next_dagrun for query_email_every_2hrs to 2025-04-11 08:00:00+00:00, run_after=2025-04-11 10:00:00+00:00
[2025-04-11T08:47:30.794+0000] {processor.py:183} INFO - Processing /opt/airflow/dags/query_email_dag.py took 0.095 seconds
[2025-04-11T08:48:00.914+0000] {processor.py:161} INFO - Started process (PID=301) to work on /opt/airflow/dags/query_email_dag.py
[2025-04-11T08:48:00.916+0000] {processor.py:830} INFO - Processing file /opt/airflow/dags/query_email_dag.py for tasks to queue
[2025-04-11T08:48:00.917+0000] {logging_mixin.py:188} INFO - [2025-04-11T08:48:00.917+0000] {dagbag.py:538} INFO - Filling up the DagBag from /opt/airflow/dags/query_email_dag.py
[2025-04-11T08:48:00.949+0000] {processor.py:840} INFO - DAG(s) 'query_email_every_2hrs' retrieved from /opt/airflow/dags/query_email_dag.py
[2025-04-11T08:48:00.980+0000] {logging_mixin.py:188} INFO - [2025-04-11T08:48:00.979+0000] {dag.py:3036} INFO - Sync 1 DAGs
[2025-04-11T08:48:01.009+0000] {logging_mixin.py:188} INFO - [2025-04-11T08:48:01.008+0000] {dag.py:3823} INFO - Setting next_dagrun for query_email_every_2hrs to 2025-04-11 08:00:00+00:00, run_after=2025-04-11 10:00:00+00:00
[2025-04-11T08:48:01.031+0000] {processor.py:183} INFO - Processing /opt/airflow/dags/query_email_dag.py took 0.121 seconds
[2025-04-11T08:48:31.176+0000] {processor.py:161} INFO - Started process (PID=306) to work on /opt/airflow/dags/query_email_dag.py
[2025-04-11T08:48:31.177+0000] {processor.py:830} INFO - Processing file /opt/airflow/dags/query_email_dag.py for tasks to queue
[2025-04-11T08:48:31.178+0000] {logging_mixin.py:188} INFO - [2025-04-11T08:48:31.178+0000] {dagbag.py:538} INFO - Filling up the DagBag from /opt/airflow/dags/query_email_dag.py
[2025-04-11T08:48:31.209+0000] {processor.py:840} INFO - DAG(s) 'query_email_every_2hrs' retrieved from /opt/airflow/dags/query_email_dag.py
[2025-04-11T08:48:31.234+0000] {logging_mixin.py:188} INFO - [2025-04-11T08:48:31.233+0000] {dag.py:3036} INFO - Sync 1 DAGs
[2025-04-11T08:48:31.258+0000] {logging_mixin.py:188} INFO - [2025-04-11T08:48:31.258+0000] {dag.py:3823} INFO - Setting next_dagrun for query_email_every_2hrs to 2025-04-11 08:00:00+00:00, run_after=2025-04-11 10:00:00+00:00
[2025-04-11T08:48:31.276+0000] {processor.py:183} INFO - Processing /opt/airflow/dags/query_email_dag.py took 0.103 seconds
[2025-04-11T08:49:01.404+0000] {processor.py:161} INFO - Started process (PID=311) to work on /opt/airflow/dags/query_email_dag.py
[2025-04-11T08:49:01.405+0000] {processor.py:830} INFO - Processing file /opt/airflow/dags/query_email_dag.py for tasks to queue
[2025-04-11T08:49:01.406+0000] {logging_mixin.py:188} INFO - [2025-04-11T08:49:01.405+0000] {dagbag.py:538} INFO - Filling up the DagBag from /opt/airflow/dags/query_email_dag.py
[2025-04-11T08:49:01.438+0000] {processor.py:840} INFO - DAG(s) 'query_email_every_2hrs' retrieved from /opt/airflow/dags/query_email_dag.py
[2025-04-11T08:49:01.474+0000] {logging_mixin.py:188} INFO - [2025-04-11T08:49:01.474+0000] {dag.py:3036} INFO - Sync 1 DAGs
[2025-04-11T08:49:01.500+0000] {logging_mixin.py:188} INFO - [2025-04-11T08:49:01.500+0000] {dag.py:3823} INFO - Setting next_dagrun for query_email_every_2hrs to 2025-04-11 08:00:00+00:00, run_after=2025-04-11 10:00:00+00:00
[2025-04-11T08:49:01.522+0000] {processor.py:183} INFO - Processing /opt/airflow/dags/query_email_dag.py took 0.123 seconds
[2025-04-11T08:49:31.645+0000] {processor.py:161} INFO - Started process (PID=316) to work on /opt/airflow/dags/query_email_dag.py
[2025-04-11T08:49:31.646+0000] {processor.py:830} INFO - Processing file /opt/airflow/dags/query_email_dag.py for tasks to queue
[2025-04-11T08:49:31.648+0000] {logging_mixin.py:188} INFO - [2025-04-11T08:49:31.647+0000] {dagbag.py:538} INFO - Filling up the DagBag from /opt/airflow/dags/query_email_dag.py
[2025-04-11T08:49:31.677+0000] {processor.py:840} INFO - DAG(s) 'query_email_every_2hrs' retrieved from /opt/airflow/dags/query_email_dag.py
[2025-04-11T08:49:31.707+0000] {logging_mixin.py:188} INFO - [2025-04-11T08:49:31.707+0000] {dag.py:3036} INFO - Sync 1 DAGs
[2025-04-11T08:49:31.733+0000] {logging_mixin.py:188} INFO - [2025-04-11T08:49:31.733+0000] {dag.py:3823} INFO - Setting next_dagrun for query_email_every_2hrs to 2025-04-11 08:00:00+00:00, run_after=2025-04-11 10:00:00+00:00
[2025-04-11T08:49:31.750+0000] {processor.py:183} INFO - Processing /opt/airflow/dags/query_email_dag.py took 0.109 seconds
[2025-04-11T08:50:01.881+0000] {processor.py:161} INFO - Started process (PID=321) to work on /opt/airflow/dags/query_email_dag.py
[2025-04-11T08:50:01.881+0000] {processor.py:830} INFO - Processing file /opt/airflow/dags/query_email_dag.py for tasks to queue
[2025-04-11T08:50:01.882+0000] {logging_mixin.py:188} INFO - [2025-04-11T08:50:01.882+0000] {dagbag.py:538} INFO - Filling up the DagBag from /opt/airflow/dags/query_email_dag.py
[2025-04-11T08:50:01.909+0000] {processor.py:840} INFO - DAG(s) 'query_email_every_2hrs' retrieved from /opt/airflow/dags/query_email_dag.py
[2025-04-11T08:50:01.930+0000] {logging_mixin.py:188} INFO - [2025-04-11T08:50:01.930+0000] {dag.py:3036} INFO - Sync 1 DAGs
[2025-04-11T08:50:01.953+0000] {logging_mixin.py:188} INFO - [2025-04-11T08:50:01.952+0000] {dag.py:3823} INFO - Setting next_dagrun for query_email_every_2hrs to 2025-04-11 08:00:00+00:00, run_after=2025-04-11 10:00:00+00:00
[2025-04-11T08:50:01.970+0000] {processor.py:183} INFO - Processing /opt/airflow/dags/query_email_dag.py took 0.092 seconds
[2025-04-11T08:50:32.149+0000] {processor.py:161} INFO - Started process (PID=326) to work on /opt/airflow/dags/query_email_dag.py
[2025-04-11T08:50:32.151+0000] {processor.py:830} INFO - Processing file /opt/airflow/dags/query_email_dag.py for tasks to queue
[2025-04-11T08:50:32.152+0000] {logging_mixin.py:188} INFO - [2025-04-11T08:50:32.152+0000] {dagbag.py:538} INFO - Filling up the DagBag from /opt/airflow/dags/query_email_dag.py
[2025-04-11T08:50:32.179+0000] {processor.py:840} INFO - DAG(s) 'query_email_every_2hrs' retrieved from /opt/airflow/dags/query_email_dag.py
[2025-04-11T08:50:32.210+0000] {logging_mixin.py:188} INFO - [2025-04-11T08:50:32.209+0000] {dag.py:3036} INFO - Sync 1 DAGs
[2025-04-11T08:50:32.240+0000] {logging_mixin.py:188} INFO - [2025-04-11T08:50:32.240+0000] {dag.py:3823} INFO - Setting next_dagrun for query_email_every_2hrs to 2025-04-11 08:00:00+00:00, run_after=2025-04-11 10:00:00+00:00
[2025-04-11T08:50:32.259+0000] {processor.py:183} INFO - Processing /opt/airflow/dags/query_email_dag.py took 0.112 seconds
[2025-04-11T08:51:02.346+0000] {processor.py:161} INFO - Started process (PID=331) to work on /opt/airflow/dags/query_email_dag.py
[2025-04-11T08:51:02.347+0000] {processor.py:830} INFO - Processing file /opt/airflow/dags/query_email_dag.py for tasks to queue
[2025-04-11T08:51:02.348+0000] {logging_mixin.py:188} INFO - [2025-04-11T08:51:02.348+0000] {dagbag.py:538} INFO - Filling up the DagBag from /opt/airflow/dags/query_email_dag.py
[2025-04-11T08:51:02.374+0000] {processor.py:840} INFO - DAG(s) 'query_email_every_2hrs' retrieved from /opt/airflow/dags/query_email_dag.py
[2025-04-11T08:51:02.403+0000] {logging_mixin.py:188} INFO - [2025-04-11T08:51:02.403+0000] {dag.py:3036} INFO - Sync 1 DAGs
[2025-04-11T08:51:02.427+0000] {logging_mixin.py:188} INFO - [2025-04-11T08:51:02.427+0000] {dag.py:3823} INFO - Setting next_dagrun for query_email_every_2hrs to 2025-04-11 08:00:00+00:00, run_after=2025-04-11 10:00:00+00:00
[2025-04-11T08:51:02.444+0000] {processor.py:183} INFO - Processing /opt/airflow/dags/query_email_dag.py took 0.101 seconds
[2025-04-11T08:51:32.632+0000] {processor.py:161} INFO - Started process (PID=336) to work on /opt/airflow/dags/query_email_dag.py
[2025-04-11T08:51:32.634+0000] {processor.py:830} INFO - Processing file /opt/airflow/dags/query_email_dag.py for tasks to queue
[2025-04-11T08:51:32.635+0000] {logging_mixin.py:188} INFO - [2025-04-11T08:51:32.634+0000] {dagbag.py:538} INFO - Filling up the DagBag from /opt/airflow/dags/query_email_dag.py
[2025-04-11T08:51:32.660+0000] {processor.py:840} INFO - DAG(s) 'query_email_every_2hrs' retrieved from /opt/airflow/dags/query_email_dag.py
[2025-04-11T08:51:32.686+0000] {logging_mixin.py:188} INFO - [2025-04-11T08:51:32.686+0000] {dag.py:3036} INFO - Sync 1 DAGs
[2025-04-11T08:51:32.712+0000] {logging_mixin.py:188} INFO - [2025-04-11T08:51:32.712+0000] {dag.py:3823} INFO - Setting next_dagrun for query_email_every_2hrs to 2025-04-11 08:00:00+00:00, run_after=2025-04-11 10:00:00+00:00
[2025-04-11T08:51:32.732+0000] {processor.py:183} INFO - Processing /opt/airflow/dags/query_email_dag.py took 0.102 seconds
[2025-04-11T08:52:02.816+0000] {processor.py:161} INFO - Started process (PID=341) to work on /opt/airflow/dags/query_email_dag.py
[2025-04-11T08:52:02.817+0000] {processor.py:830} INFO - Processing file /opt/airflow/dags/query_email_dag.py for tasks to queue
[2025-04-11T08:52:02.818+0000] {logging_mixin.py:188} INFO - [2025-04-11T08:52:02.818+0000] {dagbag.py:538} INFO - Filling up the DagBag from /opt/airflow/dags/query_email_dag.py
[2025-04-11T08:52:02.843+0000] {processor.py:840} INFO - DAG(s) 'query_email_every_2hrs' retrieved from /opt/airflow/dags/query_email_dag.py
[2025-04-11T08:52:02.868+0000] {logging_mixin.py:188} INFO - [2025-04-11T08:52:02.868+0000] {dag.py:3036} INFO - Sync 1 DAGs
[2025-04-11T08:52:02.890+0000] {logging_mixin.py:188} INFO - [2025-04-11T08:52:02.890+0000] {dag.py:3823} INFO - Setting next_dagrun for query_email_every_2hrs to 2025-04-11 08:00:00+00:00, run_after=2025-04-11 10:00:00+00:00
[2025-04-11T08:52:02.909+0000] {processor.py:183} INFO - Processing /opt/airflow/dags/query_email_dag.py took 0.096 seconds
[2025-04-11T08:52:33.119+0000] {processor.py:161} INFO - Started process (PID=348) to work on /opt/airflow/dags/query_email_dag.py
[2025-04-11T08:52:33.120+0000] {processor.py:830} INFO - Processing file /opt/airflow/dags/query_email_dag.py for tasks to queue
[2025-04-11T08:52:33.121+0000] {logging_mixin.py:188} INFO - [2025-04-11T08:52:33.120+0000] {dagbag.py:538} INFO - Filling up the DagBag from /opt/airflow/dags/query_email_dag.py
[2025-04-11T08:52:33.152+0000] {processor.py:840} INFO - DAG(s) 'query_email_every_2hrs' retrieved from /opt/airflow/dags/query_email_dag.py
[2025-04-11T08:52:33.181+0000] {logging_mixin.py:188} INFO - [2025-04-11T08:52:33.181+0000] {dag.py:3036} INFO - Sync 1 DAGs
[2025-04-11T08:52:33.212+0000] {logging_mixin.py:188} INFO - [2025-04-11T08:52:33.212+0000] {dag.py:3823} INFO - Setting next_dagrun for query_email_every_2hrs to 2025-04-11 08:00:00+00:00, run_after=2025-04-11 10:00:00+00:00
[2025-04-11T08:52:33.233+0000] {processor.py:183} INFO - Processing /opt/airflow/dags/query_email_dag.py took 0.117 seconds
[2025-04-11T08:53:03.332+0000] {processor.py:161} INFO - Started process (PID=353) to work on /opt/airflow/dags/query_email_dag.py
[2025-04-11T08:53:03.333+0000] {processor.py:830} INFO - Processing file /opt/airflow/dags/query_email_dag.py for tasks to queue
[2025-04-11T08:53:03.334+0000] {logging_mixin.py:188} INFO - [2025-04-11T08:53:03.334+0000] {dagbag.py:538} INFO - Filling up the DagBag from /opt/airflow/dags/query_email_dag.py
[2025-04-11T08:53:03.360+0000] {processor.py:840} INFO - DAG(s) 'query_email_every_2hrs' retrieved from /opt/airflow/dags/query_email_dag.py
[2025-04-11T08:53:03.389+0000] {logging_mixin.py:188} INFO - [2025-04-11T08:53:03.388+0000] {dag.py:3036} INFO - Sync 1 DAGs
[2025-04-11T08:53:03.417+0000] {logging_mixin.py:188} INFO - [2025-04-11T08:53:03.416+0000] {dag.py:3823} INFO - Setting next_dagrun for query_email_every_2hrs to 2025-04-11 08:00:00+00:00, run_after=2025-04-11 10:00:00+00:00
[2025-04-11T08:53:03.450+0000] {processor.py:183} INFO - Processing /opt/airflow/dags/query_email_dag.py took 0.121 seconds
[2025-04-11T08:53:33.601+0000] {processor.py:161} INFO - Started process (PID=358) to work on /opt/airflow/dags/query_email_dag.py
[2025-04-11T08:53:33.602+0000] {processor.py:830} INFO - Processing file /opt/airflow/dags/query_email_dag.py for tasks to queue
[2025-04-11T08:53:33.603+0000] {logging_mixin.py:188} INFO - [2025-04-11T08:53:33.603+0000] {dagbag.py:538} INFO - Filling up the DagBag from /opt/airflow/dags/query_email_dag.py
[2025-04-11T08:53:33.630+0000] {processor.py:840} INFO - DAG(s) 'query_email_every_2hrs' retrieved from /opt/airflow/dags/query_email_dag.py
[2025-04-11T08:53:33.658+0000] {logging_mixin.py:188} INFO - [2025-04-11T08:53:33.657+0000] {dag.py:3036} INFO - Sync 1 DAGs
[2025-04-11T08:53:37.845+0000] {logging_mixin.py:188} INFO - [2025-04-11T08:53:37.844+0000] {dag.py:3823} INFO - Setting next_dagrun for query_email_every_2hrs to 2025-04-11 08:00:00+00:00, run_after=2025-04-11 10:00:00+00:00
[2025-04-11T08:53:37.872+0000] {processor.py:183} INFO - Processing /opt/airflow/dags/query_email_dag.py took 4.275 seconds
[2025-04-11T08:54:08.089+0000] {processor.py:161} INFO - Started process (PID=363) to work on /opt/airflow/dags/query_email_dag.py
[2025-04-11T08:54:08.090+0000] {processor.py:830} INFO - Processing file /opt/airflow/dags/query_email_dag.py for tasks to queue
[2025-04-11T08:54:08.091+0000] {logging_mixin.py:188} INFO - [2025-04-11T08:54:08.091+0000] {dagbag.py:538} INFO - Filling up the DagBag from /opt/airflow/dags/query_email_dag.py
[2025-04-11T08:54:08.121+0000] {processor.py:840} INFO - DAG(s) 'query_email_every_2hrs' retrieved from /opt/airflow/dags/query_email_dag.py
[2025-04-11T08:54:08.155+0000] {logging_mixin.py:188} INFO - [2025-04-11T08:54:08.155+0000] {dag.py:3036} INFO - Sync 1 DAGs
[2025-04-11T08:54:08.182+0000] {logging_mixin.py:188} INFO - [2025-04-11T08:54:08.182+0000] {dag.py:3823} INFO - Setting next_dagrun for query_email_every_2hrs to 2025-04-11 08:00:00+00:00, run_after=2025-04-11 10:00:00+00:00
[2025-04-11T08:54:08.216+0000] {processor.py:183} INFO - Processing /opt/airflow/dags/query_email_dag.py took 0.132 seconds
