[2025-04-11T08:09:04.623+0000] {manager.py:469} INFO - Processing files using up to 2 processes at a time 
[2025-04-11T08:09:04.627+0000] {manager.py:470} INFO - Process each file at most once every 30 seconds
[2025-04-11T08:09:04.628+0000] {manager.py:471} INFO - Checking for new files in /opt/airflow/dags every 300 seconds
[2025-04-11T08:09:04.629+0000] {manager.py:738} INFO - Searching for files in /opt/airflow/dags
[2025-04-11T08:09:04.637+0000] {manager.py:741} INFO - There are 0 files in /opt/airflow/dags
[2025-04-11T08:14:04.758+0000] {manager.py:738} INFO - Searching for files in /opt/airflow/dags
[2025-04-11T08:14:04.848+0000] {manager.py:741} INFO - There are 0 files in /opt/airflow/dags
[2025-04-11T08:19:05.284+0000] {manager.py:738} INFO - Searching for files in /opt/airflow/dags
[2025-04-11T08:19:05.355+0000] {manager.py:741} INFO - There are 0 files in /opt/airflow/dags
[2025-04-11T08:24:05.730+0000] {manager.py:738} INFO - Searching for files in /opt/airflow/dags
[2025-04-11T08:24:05.761+0000] {manager.py:741} INFO - There are 1 files in /opt/airflow/dags
[2025-04-11T08:24:12.193+0000] {manager.py:879} INFO - 
================================================================================
DAG File Processing Stats

File Path                             PID    Runtime      # DAGs    # Errors  Last Runtime    Last Run
------------------------------------  -----  ---------  --------  ----------  --------------  -------------------
/opt/airflow/dags/query_email_dag.py                           0           1  0.68s           2025-04-11T08:24:07
================================================================================
[2025-04-11T08:24:42.420+0000] {manager.py:879} INFO - 
================================================================================
DAG File Processing Stats

File Path                             PID    Runtime      # DAGs    # Errors  Last Runtime    Last Run
------------------------------------  -----  ---------  --------  ----------  --------------  -------------------
/opt/airflow/dags/query_email_dag.py                           0           1  0.17s           2025-04-11T08:24:37
================================================================================
[2025-04-11T08:25:12.605+0000] {manager.py:879} INFO - 
================================================================================
DAG File Processing Stats

File Path                             PID    Runtime      # DAGs    # Errors  Last Runtime    Last Run
------------------------------------  -----  ---------  --------  ----------  --------------  -------------------
/opt/airflow/dags/query_email_dag.py                           0           1  0.09s           2025-04-11T08:25:07
================================================================================
[2025-04-11T08:25:42.824+0000] {manager.py:879} INFO - 
================================================================================
DAG File Processing Stats

File Path                             PID    Runtime      # DAGs    # Errors  Last Runtime    Last Run
------------------------------------  -----  ---------  --------  ----------  --------------  -------------------
/opt/airflow/dags/query_email_dag.py                           0           1  0.16s           2025-04-11T08:25:37
================================================================================
[2025-04-11T08:26:13.001+0000] {manager.py:879} INFO - 
================================================================================
DAG File Processing Stats

File Path                             PID    Runtime      # DAGs    # Errors  Last Runtime    Last Run
------------------------------------  -----  ---------  --------  ----------  --------------  -------------------
/opt/airflow/dags/query_email_dag.py                           0           1  0.09s           2025-04-11T08:26:08
================================================================================
[2025-04-11T08:26:43.233+0000] {manager.py:879} INFO - 
================================================================================
DAG File Processing Stats

File Path                             PID    Runtime      # DAGs    # Errors  Last Runtime    Last Run
------------------------------------  -----  ---------  --------  ----------  --------------  -------------------
/opt/airflow/dags/query_email_dag.py                           0           1  0.10s           2025-04-11T08:26:38
================================================================================
[2025-04-11T08:27:13.448+0000] {manager.py:879} INFO - 
================================================================================
DAG File Processing Stats

File Path                             PID    Runtime      # DAGs    # Errors  Last Runtime    Last Run
------------------------------------  -----  ---------  --------  ----------  --------------  -------------------
/opt/airflow/dags/query_email_dag.py                           0           1  0.09s           2025-04-11T08:27:08
================================================================================
[2025-04-11T08:27:43.663+0000] {manager.py:879} INFO - 
================================================================================
DAG File Processing Stats

File Path                             PID    Runtime      # DAGs    # Errors  Last Runtime    Last Run
------------------------------------  -----  ---------  --------  ----------  --------------  -------------------
/opt/airflow/dags/query_email_dag.py                           0           1  0.12s           2025-04-11T08:27:38
================================================================================
[2025-04-11T08:28:13.903+0000] {manager.py:879} INFO - 
================================================================================
DAG File Processing Stats

File Path                             PID    Runtime      # DAGs    # Errors  Last Runtime    Last Run
------------------------------------  -----  ---------  --------  ----------  --------------  -------------------
/opt/airflow/dags/query_email_dag.py                           0           1  0.09s           2025-04-11T08:28:08
================================================================================
[2025-04-11T08:28:44.097+0000] {manager.py:879} INFO - 
================================================================================
DAG File Processing Stats

File Path                             PID    Runtime      # DAGs    # Errors  Last Runtime    Last Run
------------------------------------  -----  ---------  --------  ----------  --------------  -------------------
/opt/airflow/dags/query_email_dag.py                           0           1  0.08s           2025-04-11T08:28:39
================================================================================
[2025-04-11T08:29:06.215+0000] {manager.py:738} INFO - Searching for files in /opt/airflow/dags
[2025-04-11T08:29:06.239+0000] {manager.py:741} INFO - There are 1 files in /opt/airflow/dags
[2025-04-11T08:29:14.322+0000] {manager.py:879} INFO - 
================================================================================
DAG File Processing Stats

File Path                             PID    Runtime      # DAGs    # Errors  Last Runtime    Last Run
------------------------------------  -----  ---------  --------  ----------  --------------  -------------------
/opt/airflow/dags/query_email_dag.py                           0           1  0.07s           2025-04-11T08:29:09
================================================================================
[2025-04-11T08:29:44.521+0000] {manager.py:879} INFO - 
================================================================================
DAG File Processing Stats

File Path                             PID    Runtime      # DAGs    # Errors  Last Runtime    Last Run
------------------------------------  -----  ---------  --------  ----------  --------------  -------------------
/opt/airflow/dags/query_email_dag.py                           0           1  0.11s           2025-04-11T08:29:39
================================================================================
[2025-04-11T08:29:50.956+0000] {manager.py:451} INFO - Exiting gracefully upon receiving signal 15
[2025-04-11T08:30:10.188+0000] {manager.py:469} INFO - Processing files using up to 2 processes at a time 
[2025-04-11T08:30:10.189+0000] {manager.py:470} INFO - Process each file at most once every 30 seconds
[2025-04-11T08:30:10.189+0000] {manager.py:471} INFO - Checking for new files in /opt/airflow/dags every 300 seconds
[2025-04-11T08:30:10.190+0000] {manager.py:738} INFO - Searching for files in /opt/airflow/dags
[2025-04-11T08:30:10.210+0000] {manager.py:741} INFO - There are 1 files in /opt/airflow/dags
[2025-04-11T08:30:10.426+0000] {manager.py:879} INFO - 
================================================================================
DAG File Processing Stats

File Path                               PID  Runtime      # DAGs    # Errors  Last Runtime    Last Run
------------------------------------  -----  ---------  --------  ----------  --------------  ----------
/opt/airflow/dags/query_email_dag.py    171  0.11s             0           0
================================================================================
[2025-04-11T08:30:40.668+0000] {manager.py:879} INFO - 
================================================================================
DAG File Processing Stats

File Path                             PID    Runtime      # DAGs    # Errors  Last Runtime    Last Run
------------------------------------  -----  ---------  --------  ----------  --------------  -------------------
/opt/airflow/dags/query_email_dag.py                           0           1  0.10s           2025-04-11T08:30:17
================================================================================
[2025-04-11T08:31:10.891+0000] {manager.py:879} INFO - 
================================================================================
DAG File Processing Stats

File Path                             PID    Runtime      # DAGs    # Errors  Last Runtime    Last Run
------------------------------------  -----  ---------  --------  ----------  --------------  -------------------
/opt/airflow/dags/query_email_dag.py                           0           1  0.07s           2025-04-11T08:30:47
================================================================================
[2025-04-11T08:31:41.077+0000] {manager.py:879} INFO - 
================================================================================
DAG File Processing Stats

File Path                             PID    Runtime      # DAGs    # Errors  Last Runtime    Last Run
------------------------------------  -----  ---------  --------  ----------  --------------  -------------------
/opt/airflow/dags/query_email_dag.py                           0           1  0.07s           2025-04-11T08:31:18
================================================================================
[2025-04-11T08:32:11.255+0000] {manager.py:879} INFO - 
================================================================================
DAG File Processing Stats

File Path                             PID    Runtime      # DAGs    # Errors  Last Runtime    Last Run
------------------------------------  -----  ---------  --------  ----------  --------------  -------------------
/opt/airflow/dags/query_email_dag.py                           0           1  0.07s           2025-04-11T08:31:48
================================================================================
[2025-04-11T08:32:41.445+0000] {manager.py:879} INFO - 
================================================================================
DAG File Processing Stats

File Path                             PID    Runtime      # DAGs    # Errors  Last Runtime    Last Run
------------------------------------  -----  ---------  --------  ----------  --------------  -------------------
/opt/airflow/dags/query_email_dag.py                           0           1  0.07s           2025-04-11T08:32:18
================================================================================
[2025-04-11T08:33:11.632+0000] {manager.py:879} INFO - 
================================================================================
DAG File Processing Stats

File Path                             PID    Runtime      # DAGs    # Errors  Last Runtime    Last Run
------------------------------------  -----  ---------  --------  ----------  --------------  -------------------
/opt/airflow/dags/query_email_dag.py                           0           1  0.07s           2025-04-11T08:32:48
================================================================================
[2025-04-11T08:33:45.068+0000] {manager.py:451} INFO - Exiting gracefully upon receiving signal 15
[2025-04-11T08:34:04.452+0000] {manager.py:469} INFO - Processing files using up to 2 processes at a time 
[2025-04-11T08:34:04.453+0000] {manager.py:470} INFO - Process each file at most once every 30 seconds
[2025-04-11T08:34:04.453+0000] {manager.py:471} INFO - Checking for new files in /opt/airflow/dags every 300 seconds
[2025-04-11T08:34:04.454+0000] {manager.py:738} INFO - Searching for files in /opt/airflow/dags
[2025-04-11T08:34:04.472+0000] {manager.py:741} INFO - There are 1 files in /opt/airflow/dags
[2025-04-11T08:34:04.624+0000] {manager.py:879} INFO - 
================================================================================
DAG File Processing Stats

File Path                               PID  Runtime      # DAGs    # Errors  Last Runtime    Last Run
------------------------------------  -----  ---------  --------  ----------  --------------  ----------
/opt/airflow/dags/query_email_dag.py    170  0.10s             0           0
================================================================================
[2025-04-11T08:34:34.812+0000] {manager.py:879} INFO - 
================================================================================
DAG File Processing Stats

File Path                               PID  Runtime      # DAGs    # Errors  Last Runtime    Last Run
------------------------------------  -----  ---------  --------  ----------  --------------  -------------------
/opt/airflow/dags/query_email_dag.py    176  0.01s             0           1  0.11s           2025-04-11T08:34:04
================================================================================
[2025-04-11T08:35:05.099+0000] {manager.py:879} INFO - 
================================================================================
DAG File Processing Stats

File Path                             PID    Runtime      # DAGs    # Errors  Last Runtime    Last Run
------------------------------------  -----  ---------  --------  ----------  --------------  -------------------
/opt/airflow/dags/query_email_dag.py                           1           0  0.43s           2025-04-11T08:34:58
================================================================================
[2025-04-11T08:35:06.675+0000] {manager.py:451} INFO - Exiting gracefully upon receiving signal 15
[2025-04-11T08:35:24.342+0000] {manager.py:469} INFO - Processing files using up to 2 processes at a time 
[2025-04-11T08:35:24.342+0000] {manager.py:470} INFO - Process each file at most once every 30 seconds
[2025-04-11T08:35:24.343+0000] {manager.py:471} INFO - Checking for new files in /opt/airflow/dags every 300 seconds
[2025-04-11T08:35:24.343+0000] {manager.py:738} INFO - Searching for files in /opt/airflow/dags
[2025-04-11T08:35:24.365+0000] {manager.py:741} INFO - There are 1 files in /opt/airflow/dags
[2025-04-11T08:35:24.547+0000] {manager.py:879} INFO - 
================================================================================
DAG File Processing Stats

File Path                               PID  Runtime      # DAGs    # Errors  Last Runtime    Last Run
------------------------------------  -----  ---------  --------  ----------  --------------  ----------
/opt/airflow/dags/query_email_dag.py    172  0.08s             0           0
================================================================================
[2025-04-11T08:35:54.784+0000] {manager.py:879} INFO - 
================================================================================
DAG File Processing Stats

File Path                               PID  Runtime      # DAGs    # Errors  Last Runtime    Last Run
------------------------------------  -----  ---------  --------  ----------  --------------  -------------------
/opt/airflow/dags/query_email_dag.py    179  0.02s             1           0  0.22s           2025-04-11T08:35:24
================================================================================
[2025-04-11T08:36:25.004+0000] {manager.py:879} INFO - 
================================================================================
DAG File Processing Stats

File Path                             PID    Runtime      # DAGs    # Errors  Last Runtime    Last Run
------------------------------------  -----  ---------  --------  ----------  --------------  -------------------
/opt/airflow/dags/query_email_dag.py                           1           0  0.33s           2025-04-11T08:35:55
================================================================================
[2025-04-11T08:36:55.435+0000] {manager.py:879} INFO - 
================================================================================
DAG File Processing Stats

File Path                               PID  Runtime      # DAGs    # Errors  Last Runtime    Last Run
------------------------------------  -----  ---------  --------  ----------  --------------  -------------------
/opt/airflow/dags/query_email_dag.py    189  0.01s             1           0  0.14s           2025-04-11T08:36:25
================================================================================
[2025-04-11T08:37:25.707+0000] {manager.py:879} INFO - 
================================================================================
DAG File Processing Stats

File Path                               PID  Runtime      # DAGs    # Errors  Last Runtime    Last Run
------------------------------------  -----  ---------  --------  ----------  --------------  -------------------
/opt/airflow/dags/query_email_dag.py    194  0.02s             1           0  0.17s           2025-04-11T08:36:55
================================================================================
[2025-04-11T08:37:55.910+0000] {manager.py:879} INFO - 
================================================================================
DAG File Processing Stats

File Path                               PID  Runtime      # DAGs    # Errors  Last Runtime    Last Run
------------------------------------  -----  ---------  --------  ----------  --------------  -------------------
/opt/airflow/dags/query_email_dag.py    201  0.01s             1           0  0.19s           2025-04-11T08:37:25
================================================================================
[2025-04-11T08:38:26.101+0000] {manager.py:879} INFO - 
================================================================================
DAG File Processing Stats

File Path                               PID  Runtime      # DAGs    # Errors  Last Runtime    Last Run
------------------------------------  -----  ---------  --------  ----------  --------------  -------------------
/opt/airflow/dags/query_email_dag.py    206  0.01s             1           0  0.12s           2025-04-11T08:37:56
================================================================================
[2025-04-11T08:38:56.369+0000] {manager.py:879} INFO - 
================================================================================
DAG File Processing Stats

File Path                               PID  Runtime      # DAGs    # Errors  Last Runtime    Last Run
------------------------------------  -----  ---------  --------  ----------  --------------  -------------------
/opt/airflow/dags/query_email_dag.py    211  0.01s             1           0  0.14s           2025-04-11T08:38:26
================================================================================
[2025-04-11T08:39:26.568+0000] {manager.py:879} INFO - 
================================================================================
DAG File Processing Stats

File Path                               PID  Runtime      # DAGs    # Errors  Last Runtime    Last Run
------------------------------------  -----  ---------  --------  ----------  --------------  -------------------
/opt/airflow/dags/query_email_dag.py    216  0.01s             1           0  0.12s           2025-04-11T08:38:56
================================================================================
[2025-04-11T08:39:56.816+0000] {manager.py:879} INFO - 
================================================================================
DAG File Processing Stats

File Path                               PID  Runtime      # DAGs    # Errors  Last Runtime    Last Run
------------------------------------  -----  ---------  --------  ----------  --------------  -------------------
/opt/airflow/dags/query_email_dag.py    221  0.01s             1           0  0.12s           2025-04-11T08:39:26
================================================================================
[2025-04-11T08:40:24.984+0000] {manager.py:738} INFO - Searching for files in /opt/airflow/dags
[2025-04-11T08:40:25.007+0000] {manager.py:741} INFO - There are 1 files in /opt/airflow/dags
[2025-04-11T08:40:27.050+0000] {manager.py:879} INFO - 
================================================================================
DAG File Processing Stats

File Path                               PID  Runtime      # DAGs    # Errors  Last Runtime    Last Run
------------------------------------  -----  ---------  --------  ----------  --------------  -------------------
/opt/airflow/dags/query_email_dag.py    226  0.01s             1           0  0.13s           2025-04-11T08:39:56
================================================================================
[2025-04-11T08:40:57.273+0000] {manager.py:879} INFO - 
================================================================================
DAG File Processing Stats

File Path                               PID  Runtime      # DAGs    # Errors  Last Runtime    Last Run
------------------------------------  -----  ---------  --------  ----------  --------------  -------------------
/opt/airflow/dags/query_email_dag.py    231  0.01s             1           0  0.17s           2025-04-11T08:40:27
================================================================================
[2025-04-11T08:41:27.540+0000] {manager.py:879} INFO - 
================================================================================
DAG File Processing Stats

File Path                               PID  Runtime      # DAGs    # Errors  Last Runtime    Last Run
------------------------------------  -----  ---------  --------  ----------  --------------  -------------------
/opt/airflow/dags/query_email_dag.py    236  0.01s             1           0  0.13s           2025-04-11T08:40:57
================================================================================
[2025-04-11T08:41:57.728+0000] {manager.py:879} INFO - 
================================================================================
DAG File Processing Stats

File Path                               PID  Runtime      # DAGs    # Errors  Last Runtime    Last Run
------------------------------------  -----  ---------  --------  ----------  --------------  -------------------
/opt/airflow/dags/query_email_dag.py    241  0.01s             1           0  0.13s           2025-04-11T08:41:27
================================================================================
[2025-04-11T08:42:28.194+0000] {manager.py:879} INFO - 
================================================================================
DAG File Processing Stats

File Path                               PID  Runtime      # DAGs    # Errors  Last Runtime    Last Run
------------------------------------  -----  ---------  --------  ----------  --------------  -------------------
/opt/airflow/dags/query_email_dag.py    246  0.02s             1           0  0.41s           2025-04-11T08:41:58
================================================================================
[2025-04-11T08:42:58.461+0000] {manager.py:879} INFO - 
================================================================================
DAG File Processing Stats

File Path                               PID  Runtime      # DAGs    # Errors  Last Runtime    Last Run
------------------------------------  -----  ---------  --------  ----------  --------------  -------------------
/opt/airflow/dags/query_email_dag.py    251  0.01s             1           0  0.19s           2025-04-11T08:42:28
================================================================================
[2025-04-11T08:43:28.707+0000] {manager.py:879} INFO - 
================================================================================
DAG File Processing Stats

File Path                               PID  Runtime      # DAGs    # Errors  Last Runtime    Last Run
------------------------------------  -----  ---------  --------  ----------  --------------  -------------------
/opt/airflow/dags/query_email_dag.py    256  0.01s             1           0  0.17s           2025-04-11T08:42:58
================================================================================
[2025-04-11T08:43:58.965+0000] {manager.py:879} INFO - 
================================================================================
DAG File Processing Stats

File Path                               PID  Runtime      # DAGs    # Errors  Last Runtime    Last Run
------------------------------------  -----  ---------  --------  ----------  --------------  -------------------
/opt/airflow/dags/query_email_dag.py    261  0.01s             1           0  0.15s           2025-04-11T08:43:28
================================================================================
[2025-04-11T08:44:29.183+0000] {manager.py:879} INFO - 
================================================================================
DAG File Processing Stats

File Path                               PID  Runtime      # DAGs    # Errors  Last Runtime    Last Run
------------------------------------  -----  ---------  --------  ----------  --------------  -------------------
/opt/airflow/dags/query_email_dag.py    266  0.01s             1           0  0.20s           2025-04-11T08:43:59
================================================================================
[2025-04-11T08:44:59.473+0000] {manager.py:879} INFO - 
================================================================================
DAG File Processing Stats

File Path                               PID  Runtime      # DAGs    # Errors  Last Runtime    Last Run
------------------------------------  -----  ---------  --------  ----------  --------------  -------------------
/opt/airflow/dags/query_email_dag.py    271  0.01s             1           0  0.18s           2025-04-11T08:44:29
================================================================================
[2025-04-11T08:45:25.637+0000] {manager.py:738} INFO - Searching for files in /opt/airflow/dags
[2025-04-11T08:45:25.669+0000] {manager.py:741} INFO - There are 1 files in /opt/airflow/dags
[2025-04-11T08:45:29.717+0000] {manager.py:879} INFO - 
================================================================================
DAG File Processing Stats

File Path                               PID  Runtime      # DAGs    # Errors  Last Runtime    Last Run
------------------------------------  -----  ---------  --------  ----------  --------------  -------------------
/opt/airflow/dags/query_email_dag.py    276  0.01s             1           0  0.15s           2025-04-11T08:44:59
================================================================================
[2025-04-11T08:45:59.964+0000] {manager.py:879} INFO - 
================================================================================
DAG File Processing Stats

File Path                               PID  Runtime      # DAGs    # Errors  Last Runtime    Last Run
------------------------------------  -----  ---------  --------  ----------  --------------  -------------------
/opt/airflow/dags/query_email_dag.py    281  0.01s             1           0  0.14s           2025-04-11T08:45:29
================================================================================
[2025-04-11T08:46:30.178+0000] {manager.py:879} INFO - 
================================================================================
DAG File Processing Stats

File Path                               PID  Runtime      # DAGs    # Errors  Last Runtime    Last Run
------------------------------------  -----  ---------  --------  ----------  --------------  -------------------
/opt/airflow/dags/query_email_dag.py    286  0.01s             1           0  0.14s           2025-04-11T08:46:00
================================================================================
[2025-04-11T08:47:00.429+0000] {manager.py:879} INFO - 
================================================================================
DAG File Processing Stats

File Path                               PID  Runtime      # DAGs    # Errors  Last Runtime    Last Run
------------------------------------  -----  ---------  --------  ----------  --------------  -------------------
/opt/airflow/dags/query_email_dag.py    291  0.01s             1           0  0.16s           2025-04-11T08:46:30
================================================================================
[2025-04-11T08:47:30.685+0000] {manager.py:879} INFO - 
================================================================================
DAG File Processing Stats

File Path                               PID  Runtime      # DAGs    # Errors  Last Runtime    Last Run
------------------------------------  -----  ---------  --------  ----------  --------------  -------------------
/opt/airflow/dags/query_email_dag.py    296  0.01s             1           0  0.14s           2025-04-11T08:47:00
================================================================================
[2025-04-11T08:48:00.897+0000] {manager.py:879} INFO - 
================================================================================
DAG File Processing Stats

File Path                               PID  Runtime      # DAGs    # Errors  Last Runtime    Last Run
------------------------------------  -----  ---------  --------  ----------  --------------  -------------------
/opt/airflow/dags/query_email_dag.py    301  0.02s             1           0  0.13s           2025-04-11T08:47:30
================================================================================
[2025-04-11T08:48:31.160+0000] {manager.py:879} INFO - 
================================================================================
DAG File Processing Stats

File Path                               PID  Runtime      # DAGs    # Errors  Last Runtime    Last Run
------------------------------------  -----  ---------  --------  ----------  --------------  -------------------
/opt/airflow/dags/query_email_dag.py    306  0.01s             1           0  0.16s           2025-04-11T08:48:01
================================================================================
[2025-04-11T08:49:01.381+0000] {manager.py:879} INFO - 
================================================================================
DAG File Processing Stats

File Path                               PID  Runtime      # DAGs    # Errors  Last Runtime    Last Run
------------------------------------  -----  ---------  --------  ----------  --------------  -------------------
/opt/airflow/dags/query_email_dag.py    311  0.01s             1           0  0.14s           2025-04-11T08:48:31
================================================================================
[2025-04-11T08:49:31.628+0000] {manager.py:879} INFO - 
================================================================================
DAG File Processing Stats

File Path                               PID  Runtime      # DAGs    # Errors  Last Runtime    Last Run
------------------------------------  -----  ---------  --------  ----------  --------------  -------------------
/opt/airflow/dags/query_email_dag.py    316  0.01s             1           0  0.16s           2025-04-11T08:49:01
================================================================================
[2025-04-11T08:50:01.865+0000] {manager.py:879} INFO - 
================================================================================
DAG File Processing Stats

File Path                               PID  Runtime      # DAGs    # Errors  Last Runtime    Last Run
------------------------------------  -----  ---------  --------  ----------  --------------  -------------------
/opt/airflow/dags/query_email_dag.py    321  0.01s             1           0  0.15s           2025-04-11T08:49:31
================================================================================
[2025-04-11T08:50:26.036+0000] {manager.py:738} INFO - Searching for files in /opt/airflow/dags
[2025-04-11T08:50:26.063+0000] {manager.py:741} INFO - There are 1 files in /opt/airflow/dags
[2025-04-11T08:50:32.125+0000] {manager.py:879} INFO - 
================================================================================
DAG File Processing Stats

File Path                               PID  Runtime      # DAGs    # Errors  Last Runtime    Last Run
------------------------------------  -----  ---------  --------  ----------  --------------  -------------------
/opt/airflow/dags/query_email_dag.py    326  0.01s             1           0  0.12s           2025-04-11T08:50:01
================================================================================
[2025-04-11T08:51:02.330+0000] {manager.py:879} INFO - 
================================================================================
DAG File Processing Stats

File Path                               PID  Runtime      # DAGs    # Errors  Last Runtime    Last Run
------------------------------------  -----  ---------  --------  ----------  --------------  -------------------
/opt/airflow/dags/query_email_dag.py    331  0.01s             1           0  0.15s           2025-04-11T08:50:32
================================================================================
[2025-04-11T08:51:32.615+0000] {manager.py:879} INFO - 
================================================================================
DAG File Processing Stats

File Path                               PID  Runtime      # DAGs    # Errors  Last Runtime    Last Run
------------------------------------  -----  ---------  --------  ----------  --------------  -------------------
/opt/airflow/dags/query_email_dag.py    336  0.01s             1           0  0.13s           2025-04-11T08:51:02
================================================================================
[2025-04-11T08:52:02.798+0000] {manager.py:879} INFO - 
================================================================================
DAG File Processing Stats

File Path                               PID  Runtime      # DAGs    # Errors  Last Runtime    Last Run
------------------------------------  -----  ---------  --------  ----------  --------------  -------------------
/opt/airflow/dags/query_email_dag.py    341  0.01s             1           0  0.14s           2025-04-11T08:51:32
================================================================================
[2025-04-11T08:52:33.103+0000] {manager.py:879} INFO - 
================================================================================
DAG File Processing Stats

File Path                               PID  Runtime      # DAGs    # Errors  Last Runtime    Last Run
------------------------------------  -----  ---------  --------  ----------  --------------  -------------------
/opt/airflow/dags/query_email_dag.py    348  0.01s             1           0  0.13s           2025-04-11T08:52:02
================================================================================
[2025-04-11T08:53:03.304+0000] {manager.py:879} INFO - 
================================================================================
DAG File Processing Stats

File Path                               PID  Runtime      # DAGs    # Errors  Last Runtime    Last Run
------------------------------------  -----  ---------  --------  ----------  --------------  -------------------
/opt/airflow/dags/query_email_dag.py    353  0.01s             1           0  0.15s           2025-04-11T08:52:33
================================================================================
[2025-04-11T08:53:33.583+0000] {manager.py:879} INFO - 
================================================================================
DAG File Processing Stats

File Path                               PID  Runtime      # DAGs    # Errors  Last Runtime    Last Run
------------------------------------  -----  ---------  --------  ----------  --------------  -------------------
/opt/airflow/dags/query_email_dag.py    358  0.01s             1           0  0.17s           2025-04-11T08:53:03
================================================================================
[2025-04-11T08:54:03.788+0000] {manager.py:879} INFO - 
================================================================================
DAG File Processing Stats

File Path                             PID    Runtime      # DAGs    # Errors  Last Runtime    Last Run
------------------------------------  -----  ---------  --------  ----------  --------------  -------------------
/opt/airflow/dags/query_email_dag.py                           1           0  4.31s           2025-04-11T08:53:37
================================================================================
